<!DOCTYPE html>

<html>
  <head>
  <meta charset='utf-8'>
  <title>TestNG reports</title>

    <link type="text/css" href="testng-reports1.css" rel="stylesheet" id="ultra" />
    <link type="text/css" href="testng-reports.css" rel="stylesheet" id="retro" disabled="false"/>
    <script type="text/javascript" src="jquery-3.6.0.min.js"></script>
    <script type="text/javascript" src="testng-reports.js"></script>
    <script type="text/javascript" src="https://www.google.com/jsapi"></script>
    <script type='text/javascript'>
      google.load('visualization', '1', {packages:['table']});
      google.setOnLoadCallback(drawTable);
      var suiteTableInitFunctions = new Array();
      var suiteTableData = new Array();
    </script>
    <!--
      <script type="text/javascript" src="jquery-ui/js/jquery-ui-1.8.16.custom.min.js"></script>
     -->
  </head>

  <body>    <div class="top-banner-root">
      <span class="top-banner-title-font">Test results</span>
      <button id="button" class="button">Switch Retro Theme</button> <!-- button -->
      <br/>
      <span class="top-banner-font-1">1 suite, 4 failed tests</span>
    </div> <!-- top-banner-root -->
    <div class="navigator-root">
      <div class="navigator-suite-header">
        <span>All suites</span>
        <a href="#" title="Collapse/expand all the suites" class="collapse-all-link">
          <img src="collapseall.gif" class="collapse-all-icon">
          </img> <!-- collapse-all-icon -->
        </a> <!-- collapse-all-link -->
      </div> <!-- navigator-suite-header -->
      <div class="suite">
        <div class="rounded-window">
          <div class="suite-header light-rounded-window-top">
            <a href="#" panel-name="suite-Suite" class="navigator-link">
              <span class="suite-name border-failed">Suite</span>
            </a> <!-- navigator-link -->
          </div> <!-- suite-header light-rounded-window-top -->
          <div class="navigator-suite-content">
            <div class="suite-section-title">
              <span>Info</span>
            </div> <!-- suite-section-title -->
            <div class="suite-section-content">
              <ul>
                <li>
                  <a href="#" panel-name="test-xml-Suite" class="navigator-link ">
                    <span>C:\Users\Asus\eclipse-workspace\JAT-MiniProject-2-Version_1\testng.xml</span>
                  </a> <!-- navigator-link  -->
                </li>
                <li>
                  <a href="#" panel-name="testlist-Suite" class="navigator-link ">
                    <span class="test-stats">1 test</span>
                  </a> <!-- navigator-link  -->
                </li>
                <li>
                  <a href="#" panel-name="group-Suite" class="navigator-link ">
                    <span>0 groups</span>
                  </a> <!-- navigator-link  -->
                </li>
                <li>
                  <a href="#" panel-name="times-Suite" class="navigator-link ">
                    <span>Times</span>
                  </a> <!-- navigator-link  -->
                </li>
                <li>
                  <a href="#" panel-name="reporter-Suite" class="navigator-link ">
                    <span>Reporter output</span>
                  </a> <!-- navigator-link  -->
                </li>
                <li>
                  <a href="#" panel-name="ignored-methods-Suite" class="navigator-link ">
                    <span>Ignored methods</span>
                  </a> <!-- navigator-link  -->
                </li>
                <li>
                  <a href="#" panel-name="chronological-Suite" class="navigator-link ">
                    <span>Chronological view</span>
                  </a> <!-- navigator-link  -->
                </li>
              </ul>
            </div> <!-- suite-section-content -->
            <div class="result-section">
              <div class="suite-section-title">
                <span>Results</span>
              </div> <!-- suite-section-title -->
              <div class="suite-section-content">
                <ul>
                  <li>
                    <span class="method-stats">11 methods, 4 failed,   7 passed</span>
                  </li>
                  <li>
                    <span class="method-list-title failed">Failed methods</span>
                    <span class="show-or-hide-methods failed">
                      <a href="#" panel-name="suite-Suite" class="hide-methods failed suite-Suite"> (hide)</a> <!-- hide-methods failed suite-Suite -->
                      <a href="#" panel-name="suite-Suite" class="show-methods failed suite-Suite"> (show)</a> <!-- show-methods failed suite-Suite -->
                    </span>
                    <div class="method-list-content failed suite-Suite">
                      <span>
                        <img src="failed.png" width="3%"/>
                        <a href="#" panel-name="suite-Suite" title="test.TC_003_ContactPageTest" class="method navigator-link" hash-for-method="contactAddtionTest(abc@gmail.com, 1234567, , , 01-01-1970, jdoe@fake.com, 8005555555, 1 Main St., Apartment A, Anytown,...)">contactAddtionTest(abc@gmail.com, 1234567, , , 01-01-1970, jdoe@fake.com, 8005555555, 1 Main St., Apartment A, Anytown,...)</a> <!-- method navigator-link -->
                      </span>
                      <br/>
                      <span>
                        <img src="failed.png" width="3%"/>
                        <a href="#" panel-name="suite-Suite" title="test.TC_003_ContactPageTest" class="method navigator-link" hash-for-method="contactAddtionTest(abc@gmail.com, 1234567, John, Doe, 03-05-1980, jdoe@fake.com, 8005555555, 1 Main St., Apartment A, A...)">contactAddtionTest(abc@gmail.com, 1234567, John, Doe, 03-05-1980, jdoe@fake.com, 8005555555, 1 Main St., Apartment A, A...)</a> <!-- method navigator-link -->
                      </span>
                      <br/>
                      <span>
                        <img src="failed.png" width="3%"/>
                        <a href="#" panel-name="suite-Suite" title="test.TC_004_ContactDisplayPageTest" class="method navigator-link" hash-for-method="contactDisplatTest(abc@gmail.com, 1234567)">contactDisplatTest(abc@gmail.com, 1234567)</a> <!-- method navigator-link -->
                      </span>
                      <br/>
                      <span>
                        <img src="failed.png" width="3%"/>
                        <a href="#" panel-name="suite-Suite" title="test.TC_002_LoginPageTest" class="method navigator-link" hash-for-method="loginTest(abc@gmail.com, 123456)">loginTest(abc@gmail.com, 123456)</a> <!-- method navigator-link -->
                      </span>
                      <br/>
                    </div> <!-- method-list-content failed suite-Suite -->
                  </li>
                  <li>
                    <span class="method-list-title passed">Passed methods</span>
                    <span class="show-or-hide-methods passed">
                      <a href="#" panel-name="suite-Suite" class="hide-methods passed suite-Suite"> (hide)</a> <!-- hide-methods passed suite-Suite -->
                      <a href="#" panel-name="suite-Suite" class="show-methods passed suite-Suite"> (show)</a> <!-- show-methods passed suite-Suite -->
                    </span>
                    <div class="method-list-content passed suite-Suite">
                      <span>
                        <img src="passed.png" width="3%"/>
                        <a href="#" panel-name="suite-Suite" title="test.TC_003_ContactPageTest" class="method navigator-link" hash-for-method="contactAddtionTest(abc@gmail.com, 1234567, John, Doe, 1990-01-01, jdoe@fake.com, 8005555555, 1 Main St., Apartment A, A...)">contactAddtionTest(abc@gmail.com, 1234567, John, Doe, 1990-01-01, jdoe@fake.com, 8005555555, 1 Main St., Apartment A, A...)</a> <!-- method navigator-link -->
                      </span>
                      <br/>
                      <span>
                        <img src="passed.png" width="3%"/>
                        <a href="#" panel-name="suite-Suite" title="test.TC_003_ContactPageTest" class="method navigator-link" hash-for-method="contactAddtionTest(abc@gmail.com, 1234567, Amy, Miller, 1994-02-05, amiller@fake.com, 8005554242, 13 School St., Apt. 5...)">contactAddtionTest(abc@gmail.com, 1234567, Amy, Miller, 1994-02-05, amiller@fake.com, 8005554242, 13 School St., Apt. 5...)</a> <!-- method navigator-link -->
                      </span>
                      <br/>
                      <span>
                        <img src="passed.png" width="3%"/>
                        <a href="#" panel-name="suite-Suite" title="test.TC_003_ContactPageTest" class="method navigator-link" hash-for-method="contactAddtionTest(abc@gmail.com, 1234567, Amy, Miller, 1990-10-25, amiller@fake.com, 8005554242, 13 School St., Apt. 5...)">contactAddtionTest(abc@gmail.com, 1234567, Amy, Miller, 1990-10-25, amiller@fake.com, 8005554242, 13 School St., Apt. 5...)</a> <!-- method navigator-link -->
                      </span>
                      <br/>
                      <span>
                        <img src="passed.png" width="3%"/>
                        <a href="#" panel-name="suite-Suite" title="test.TC_006_ContactDeletePageTest" class="method navigator-link" hash-for-method="contactDeletingTest(abc@gmail.com, 1234567)">contactDeletingTest(abc@gmail.com, 1234567)</a> <!-- method navigator-link -->
                      </span>
                      <br/>
                      <span>
                        <img src="passed.png" width="3%"/>
                        <a href="#" panel-name="suite-Suite" title="test.TC_005_ContactEditPageTest" class="method navigator-link" hash-for-method="contactEditingTest(abc@gmail.com, 1234567, Anna, Mil, amiller@fake.com, 9876543210)">contactEditingTest(abc@gmail.com, 1234567, Anna, Mil, amiller@fake.com, 9876543210)</a> <!-- method navigator-link -->
                      </span>
                      <br/>
                      <span>
                        <img src="passed.png" width="3%"/>
                        <a href="#" panel-name="suite-Suite" title="test.TC_007_LogoutPageTest" class="method navigator-link" hash-for-method="finalLogoutTest(abc@gmail.com, 1234567)">finalLogoutTest(abc@gmail.com, 1234567)</a> <!-- method navigator-link -->
                      </span>
                      <br/>
                      <span>
                        <img src="passed.png" width="3%"/>
                        <a href="#" panel-name="suite-Suite" title="test.TC_002_LoginPageTest" class="method navigator-link" hash-for-method="loginTest(abc@gmail.com, 1234567)">loginTest(abc@gmail.com, 1234567)</a> <!-- method navigator-link -->
                      </span>
                      <br/>
                    </div> <!-- method-list-content passed suite-Suite -->
                  </li>
                </ul>
              </div> <!-- suite-section-content -->
            </div> <!-- result-section -->
          </div> <!-- navigator-suite-content -->
        </div> <!-- rounded-window -->
      </div> <!-- suite -->
    </div> <!-- navigator-root -->
    <div class="wrapper">
      <div class="main-panel-root">
        <div panel-name="suite-Suite" class="panel Suite">
          <div class="suite-Suite-class-failed">
            <div class="main-panel-header rounded-window-top">
              <img src="failed.png"/>
              <span class="class-name">test.TC_004_ContactDisplayPageTest</span>
            </div> <!-- main-panel-header rounded-window-top -->
            <div class="main-panel-content rounded-window-bottom">
              <div class="method">
                <div class="method-content">
                  <a name="contactDisplatTest(abc@gmail.com, 1234567)">
                  </a> <!-- contactDisplatTest(abc@gmail.com, 1234567) -->
                  <span class="method-name">contactDisplatTest</span>
                  <span class="parameters">(abc@gmail.com,1234567)</span>
                  <div class="stack-trace">org.openqa.selenium.NoSuchElementException: no such element: Unable to locate element: {&quot;method&quot;:&quot;xpath&quot;,&quot;selector&quot;:&quot;//td[contains(text(),&apos;Anna John&apos;)]&quot;}
  (Session info: chrome=131.0.6778.140)
For documentation on this error, please visit: https://www.selenium.dev/documentation/webdriver/troubleshooting/errors#no-such-element-exception
Build info: version: &apos;4.25.0&apos;, revision: &apos;8a8aea2337&apos;
System info: os.name: &apos;Windows 11&apos;, os.arch: &apos;amd64&apos;, os.version: &apos;10.0&apos;, java.version: &apos;23&apos;
Driver info: org.openqa.selenium.chrome.ChromeDriver
Command: [25b754355303650dcc2d592644e93518, findElement {value=//td[contains(text(),&apos;Anna John&apos;)], using=xpath}]
Capabilities {acceptInsecureCerts: false, browserName: chrome, browserVersion: 131.0.6778.140, chrome: {chromedriverVersion: 131.0.6778.204 (52183f9e99a..., userDataDir: C:\Users\Asus\AppData\Local...}, fedcm:accounts: true, goog:chromeOptions: {debuggerAddress: localhost:60001}, networkConnectionEnabled: false, pageLoadStrategy: normal, platformName: windows, proxy: Proxy(), se:cdp: ws://localhost:60001/devtoo..., se:cdpVersion: 131.0.6778.140, setWindowRect: true, strictFileInteractability: false, timeouts: {implicit: 0, pageLoad: 300000, script: 30000}, unhandledPromptBehavior: dismiss and notify, webauthn:extension:credBlob: true, webauthn:extension:largeBlob: true, webauthn:extension:minPinLength: true, webauthn:extension:prf: true, webauthn:virtualAuthenticators: true}
Session ID: 25b754355303650dcc2d592644e93518
	at org.openqa.selenium.remote.ErrorCodec.decode(ErrorCodec.java:167)
	at org.openqa.selenium.remote.codec.w3c.W3CHttpResponseCodec.decode(W3CHttpResponseCodec.java:138)
	at org.openqa.selenium.remote.codec.w3c.W3CHttpResponseCodec.decode(W3CHttpResponseCodec.java:50)
	at org.openqa.selenium.remote.HttpCommandExecutor.execute(HttpCommandExecutor.java:190)
	at org.openqa.selenium.remote.service.DriverCommandExecutor.invokeExecute(DriverCommandExecutor.java:216)
	at org.openqa.selenium.remote.service.DriverCommandExecutor.execute(DriverCommandExecutor.java:174)
	at org.openqa.selenium.remote.RemoteWebDriver.execute(RemoteWebDriver.java:545)
	at org.openqa.selenium.remote.ElementLocation$ElementFinder$2.findElement(ElementLocation.java:165)
	at org.openqa.selenium.remote.ElementLocation.findElement(ElementLocation.java:59)
	at org.openqa.selenium.remote.RemoteWebDriver.findElement(RemoteWebDriver.java:368)
	at org.openqa.selenium.remote.RemoteWebDriver.findElement(RemoteWebDriver.java:362)
	at org.openqa.selenium.support.pagefactory.DefaultElementLocator.findElement(DefaultElementLocator.java:68)
	at org.openqa.selenium.support.pagefactory.internal.LocatingElementHandler.invoke(LocatingElementHandler.java:38)
	at jdk.proxy2/jdk.proxy2.$Proxy17.isDisplayed(Unknown Source)
	at pages.ContactDisplayPage.contactValidation(ContactDisplayPage.java:33)
	at test.TC_004_ContactDisplayPageTest.contactDisplatTest(TC_004_ContactDisplayPageTest.java:34)
	at java.base/java.util.ArrayList.forEach(ArrayList.java:1597)
... Removed 32 stack frames
</div> <!-- stack-trace -->
                </div> <!-- method-content -->
              </div> <!-- method -->
            </div> <!-- main-panel-content rounded-window-bottom -->
          </div> <!-- suite-Suite-class-failed -->
          <div class="suite-Suite-class-failed">
            <div class="main-panel-header rounded-window-top">
              <img src="failed.png"/>
              <span class="class-name">test.TC_003_ContactPageTest</span>
            </div> <!-- main-panel-header rounded-window-top -->
            <div class="main-panel-content rounded-window-bottom">
              <div class="method">
                <div class="method-content">
                  <a name="contactAddtionTest(abc@gmail.com, 1234567, , , 01-01-1970, jdoe@fake.com, 8005555555, 1 Main St., Apartment A, Anytown,...)">
                  </a> <!-- contactAddtionTest(abc@gmail.com, 1234567, , , 01-01-1970, jdoe@fake.com, 8005555555, 1 Main St., Apartment A, Anytown,...) -->
                  <span class="method-name">contactAddtionTest</span>
                  <span class="parameters">(abc@gmail.com,1234567,,,01-01-1970,jdoe@fake.com,8005555555,1 Main St.,Apartment A,Anytown,KS,12345,USA)</span>
                  <div class="stack-trace">org.openqa.selenium.NoSuchElementException: no such element: Unable to locate element: {&quot;method&quot;:&quot;xpath&quot;,&quot;selector&quot;:&quot;//button[contains(text(),&apos;Add a New Contact&apos;)]&quot;}
  (Session info: chrome=131.0.6778.140)
For documentation on this error, please visit: https://www.selenium.dev/documentation/webdriver/troubleshooting/errors#no-such-element-exception
Build info: version: &apos;4.25.0&apos;, revision: &apos;8a8aea2337&apos;
System info: os.name: &apos;Windows 11&apos;, os.arch: &apos;amd64&apos;, os.version: &apos;10.0&apos;, java.version: &apos;23&apos;
Driver info: org.openqa.selenium.chrome.ChromeDriver
Command: [44564368e18a991ebd3881df7713e8be, findElement {value=//button[contains(text(),&apos;Add a New Contact&apos;)], using=xpath}]
Capabilities {acceptInsecureCerts: false, browserName: chrome, browserVersion: 131.0.6778.140, chrome: {chromedriverVersion: 131.0.6778.204 (52183f9e99a..., userDataDir: C:\Users\Asus\AppData\Local...}, fedcm:accounts: true, goog:chromeOptions: {debuggerAddress: localhost:59967}, networkConnectionEnabled: false, pageLoadStrategy: normal, platformName: windows, proxy: Proxy(), se:cdp: ws://localhost:59967/devtoo..., se:cdpVersion: 131.0.6778.140, setWindowRect: true, strictFileInteractability: false, timeouts: {implicit: 0, pageLoad: 300000, script: 30000}, unhandledPromptBehavior: dismiss and notify, webauthn:extension:credBlob: true, webauthn:extension:largeBlob: true, webauthn:extension:minPinLength: true, webauthn:extension:prf: true, webauthn:virtualAuthenticators: true}
Session ID: 44564368e18a991ebd3881df7713e8be
	at org.openqa.selenium.remote.ErrorCodec.decode(ErrorCodec.java:167)
	at org.openqa.selenium.remote.codec.w3c.W3CHttpResponseCodec.decode(W3CHttpResponseCodec.java:138)
	at org.openqa.selenium.remote.codec.w3c.W3CHttpResponseCodec.decode(W3CHttpResponseCodec.java:50)
	at org.openqa.selenium.remote.HttpCommandExecutor.execute(HttpCommandExecutor.java:190)
	at org.openqa.selenium.remote.service.DriverCommandExecutor.invokeExecute(DriverCommandExecutor.java:216)
	at org.openqa.selenium.remote.service.DriverCommandExecutor.execute(DriverCommandExecutor.java:174)
	at org.openqa.selenium.remote.RemoteWebDriver.execute(RemoteWebDriver.java:545)
	at org.openqa.selenium.remote.ElementLocation$ElementFinder$2.findElement(ElementLocation.java:165)
	at org.openqa.selenium.remote.ElementLocation.findElement(ElementLocation.java:59)
	at org.openqa.selenium.remote.RemoteWebDriver.findElement(RemoteWebDriver.java:368)
	at org.openqa.selenium.remote.RemoteWebDriver.findElement(RemoteWebDriver.java:362)
	at pages.ContactPage.contactAddSubmitButton(ContactPage.java:124)
	at test.TC_003_ContactPageTest.contactAddtionTest(TC_003_ContactPageTest.java:47)
	at java.base/java.util.ArrayList.forEach(ArrayList.java:1597)
... Removed 32 stack frames
</div> <!-- stack-trace -->
                </div> <!-- method-content -->
              </div> <!-- method -->
              <div class="method">
                <div class="method-content">
                  <a name="contactAddtionTest(abc@gmail.com, 1234567, John, Doe, 03-05-1980, jdoe@fake.com, 8005555555, 1 Main St., Apartment A, A...)">
                  </a> <!-- contactAddtionTest(abc@gmail.com, 1234567, John, Doe, 03-05-1980, jdoe@fake.com, 8005555555, 1 Main St., Apartment A, A...) -->
                  <span class="method-name">contactAddtionTest</span>
                  <span class="parameters">(abc@gmail.com,1234567,John,Doe,03-05-1980,jdoe@fake.com,8005555555,1 Main St.,Apartment A,Anytown,KS,12345,USA)</span>
                  <div class="stack-trace">org.openqa.selenium.NoSuchElementException: no such element: Unable to locate element: {&quot;method&quot;:&quot;xpath&quot;,&quot;selector&quot;:&quot;//button[contains(text(),&apos;Add a New Contact&apos;)]&quot;}
  (Session info: chrome=131.0.6778.140)
For documentation on this error, please visit: https://www.selenium.dev/documentation/webdriver/troubleshooting/errors#no-such-element-exception
Build info: version: &apos;4.25.0&apos;, revision: &apos;8a8aea2337&apos;
System info: os.name: &apos;Windows 11&apos;, os.arch: &apos;amd64&apos;, os.version: &apos;10.0&apos;, java.version: &apos;23&apos;
Driver info: org.openqa.selenium.chrome.ChromeDriver
Command: [31a0da8f7734a7d4fd2dd253d44b84d8, findElement {value=//button[contains(text(),&apos;Add a New Contact&apos;)], using=xpath}]
Capabilities {acceptInsecureCerts: false, browserName: chrome, browserVersion: 131.0.6778.140, chrome: {chromedriverVersion: 131.0.6778.204 (52183f9e99a..., userDataDir: C:\Users\Asus\AppData\Local...}, fedcm:accounts: true, goog:chromeOptions: {debuggerAddress: localhost:59984}, networkConnectionEnabled: false, pageLoadStrategy: normal, platformName: windows, proxy: Proxy(), se:cdp: ws://localhost:59984/devtoo..., se:cdpVersion: 131.0.6778.140, setWindowRect: true, strictFileInteractability: false, timeouts: {implicit: 0, pageLoad: 300000, script: 30000}, unhandledPromptBehavior: dismiss and notify, webauthn:extension:credBlob: true, webauthn:extension:largeBlob: true, webauthn:extension:minPinLength: true, webauthn:extension:prf: true, webauthn:virtualAuthenticators: true}
Session ID: 31a0da8f7734a7d4fd2dd253d44b84d8
	at org.openqa.selenium.remote.ErrorCodec.decode(ErrorCodec.java:167)
	at org.openqa.selenium.remote.codec.w3c.W3CHttpResponseCodec.decode(W3CHttpResponseCodec.java:138)
	at org.openqa.selenium.remote.codec.w3c.W3CHttpResponseCodec.decode(W3CHttpResponseCodec.java:50)
	at org.openqa.selenium.remote.HttpCommandExecutor.execute(HttpCommandExecutor.java:190)
	at org.openqa.selenium.remote.service.DriverCommandExecutor.invokeExecute(DriverCommandExecutor.java:216)
	at org.openqa.selenium.remote.service.DriverCommandExecutor.execute(DriverCommandExecutor.java:174)
	at org.openqa.selenium.remote.RemoteWebDriver.execute(RemoteWebDriver.java:545)
	at org.openqa.selenium.remote.ElementLocation$ElementFinder$2.findElement(ElementLocation.java:165)
	at org.openqa.selenium.remote.ElementLocation.findElement(ElementLocation.java:59)
	at org.openqa.selenium.remote.RemoteWebDriver.findElement(RemoteWebDriver.java:368)
	at org.openqa.selenium.remote.RemoteWebDriver.findElement(RemoteWebDriver.java:362)
	at pages.ContactPage.contactAddSubmitButton(ContactPage.java:124)
	at test.TC_003_ContactPageTest.contactAddtionTest(TC_003_ContactPageTest.java:47)
	at java.base/java.util.ArrayList.forEach(ArrayList.java:1597)
... Removed 32 stack frames
</div> <!-- stack-trace -->
                </div> <!-- method-content -->
              </div> <!-- method -->
            </div> <!-- main-panel-content rounded-window-bottom -->
          </div> <!-- suite-Suite-class-failed -->
          <div class="suite-Suite-class-failed">
            <div class="main-panel-header rounded-window-top">
              <img src="failed.png"/>
              <span class="class-name">test.TC_002_LoginPageTest</span>
            </div> <!-- main-panel-header rounded-window-top -->
            <div class="main-panel-content rounded-window-bottom">
              <div class="method">
                <div class="method-content">
                  <a name="loginTest(abc@gmail.com, 123456)">
                  </a> <!-- loginTest(abc@gmail.com, 123456) -->
                  <span class="method-name">loginTest</span>
                  <span class="parameters">(abc@gmail.com,123456)</span>
                  <div class="stack-trace">org.openqa.selenium.NoSuchElementException: no such element: Unable to locate element: {&quot;method&quot;:&quot;xpath&quot;,&quot;selector&quot;:&quot;//button[contains(text(),&apos;Add a New Contact&apos;)]&quot;}
  (Session info: chrome=131.0.6778.140)
For documentation on this error, please visit: https://www.selenium.dev/documentation/webdriver/troubleshooting/errors#no-such-element-exception
Build info: version: &apos;4.25.0&apos;, revision: &apos;8a8aea2337&apos;
System info: os.name: &apos;Windows 11&apos;, os.arch: &apos;amd64&apos;, os.version: &apos;10.0&apos;, java.version: &apos;23&apos;
Driver info: org.openqa.selenium.chrome.ChromeDriver
Command: [ed00df88746f7ee9a27b37e2cc02949c, findElement {value=//button[contains(text(),&apos;Add a New Contact&apos;)], using=xpath}]
Capabilities {acceptInsecureCerts: false, browserName: chrome, browserVersion: 131.0.6778.140, chrome: {chromedriverVersion: 131.0.6778.204 (52183f9e99a..., userDataDir: C:\Users\Asus\AppData\Local...}, fedcm:accounts: true, goog:chromeOptions: {debuggerAddress: localhost:59903}, networkConnectionEnabled: false, pageLoadStrategy: normal, platformName: windows, proxy: Proxy(), se:cdp: ws://localhost:59903/devtoo..., se:cdpVersion: 131.0.6778.140, setWindowRect: true, strictFileInteractability: false, timeouts: {implicit: 0, pageLoad: 300000, script: 30000}, unhandledPromptBehavior: dismiss and notify, webauthn:extension:credBlob: true, webauthn:extension:largeBlob: true, webauthn:extension:minPinLength: true, webauthn:extension:prf: true, webauthn:virtualAuthenticators: true}
Session ID: ed00df88746f7ee9a27b37e2cc02949c
	at org.openqa.selenium.remote.ErrorCodec.decode(ErrorCodec.java:167)
	at org.openqa.selenium.remote.codec.w3c.W3CHttpResponseCodec.decode(W3CHttpResponseCodec.java:138)
	at org.openqa.selenium.remote.codec.w3c.W3CHttpResponseCodec.decode(W3CHttpResponseCodec.java:50)
	at org.openqa.selenium.remote.HttpCommandExecutor.execute(HttpCommandExecutor.java:190)
	at org.openqa.selenium.remote.service.DriverCommandExecutor.invokeExecute(DriverCommandExecutor.java:216)
	at org.openqa.selenium.remote.service.DriverCommandExecutor.execute(DriverCommandExecutor.java:174)
	at org.openqa.selenium.remote.RemoteWebDriver.execute(RemoteWebDriver.java:545)
	at org.openqa.selenium.remote.ElementLocation$ElementFinder$2.findElement(ElementLocation.java:165)
	at org.openqa.selenium.remote.ElementLocation.findElement(ElementLocation.java:59)
	at org.openqa.selenium.remote.RemoteWebDriver.findElement(RemoteWebDriver.java:368)
	at org.openqa.selenium.remote.RemoteWebDriver.findElement(RemoteWebDriver.java:362)
	at pages.LoginPage.clickLoginSubmit(LoginPage.java:43)
	at test.TC_002_LoginPageTest.loginTest(TC_002_LoginPageTest.java:34)
	at java.base/java.util.ArrayList.forEach(ArrayList.java:1597)
... Removed 32 stack frames
</div> <!-- stack-trace -->
                </div> <!-- method-content -->
              </div> <!-- method -->
            </div> <!-- main-panel-content rounded-window-bottom -->
          </div> <!-- suite-Suite-class-failed -->
          <div class="suite-Suite-class-passed">
            <div class="main-panel-header rounded-window-top">
              <img src="passed.png"/>
              <span class="class-name">test.TC_006_ContactDeletePageTest</span>
            </div> <!-- main-panel-header rounded-window-top -->
            <div class="main-panel-content rounded-window-bottom">
              <div class="method">
                <div class="method-content">
                  <a name="contactDeletingTest(abc@gmail.com, 1234567)">
                  </a> <!-- contactDeletingTest(abc@gmail.com, 1234567) -->
                  <span class="method-name">contactDeletingTest</span>
                  <span class="parameters">(abc@gmail.com,1234567)</span>
                </div> <!-- method-content -->
              </div> <!-- method -->
            </div> <!-- main-panel-content rounded-window-bottom -->
          </div> <!-- suite-Suite-class-passed -->
          <div class="suite-Suite-class-passed">
            <div class="main-panel-header rounded-window-top">
              <img src="passed.png"/>
              <span class="class-name">test.TC_007_LogoutPageTest</span>
            </div> <!-- main-panel-header rounded-window-top -->
            <div class="main-panel-content rounded-window-bottom">
              <div class="method">
                <div class="method-content">
                  <a name="finalLogoutTest(abc@gmail.com, 1234567)">
                  </a> <!-- finalLogoutTest(abc@gmail.com, 1234567) -->
                  <span class="method-name">finalLogoutTest</span>
                  <span class="parameters">(abc@gmail.com,1234567)</span>
                </div> <!-- method-content -->
              </div> <!-- method -->
            </div> <!-- main-panel-content rounded-window-bottom -->
          </div> <!-- suite-Suite-class-passed -->
          <div class="suite-Suite-class-passed">
            <div class="main-panel-header rounded-window-top">
              <img src="passed.png"/>
              <span class="class-name">test.TC_005_ContactEditPageTest</span>
            </div> <!-- main-panel-header rounded-window-top -->
            <div class="main-panel-content rounded-window-bottom">
              <div class="method">
                <div class="method-content">
                  <a name="contactEditingTest(abc@gmail.com, 1234567, Anna, Mil, amiller@fake.com, 9876543210)">
                  </a> <!-- contactEditingTest(abc@gmail.com, 1234567, Anna, Mil, amiller@fake.com, 9876543210) -->
                  <span class="method-name">contactEditingTest</span>
                  <span class="parameters">(abc@gmail.com,1234567,Anna,Mil,amiller@fake.com,9876543210)</span>
                </div> <!-- method-content -->
              </div> <!-- method -->
            </div> <!-- main-panel-content rounded-window-bottom -->
          </div> <!-- suite-Suite-class-passed -->
          <div class="suite-Suite-class-passed">
            <div class="main-panel-header rounded-window-top">
              <img src="passed.png"/>
              <span class="class-name">test.TC_003_ContactPageTest</span>
            </div> <!-- main-panel-header rounded-window-top -->
            <div class="main-panel-content rounded-window-bottom">
              <div class="method">
                <div class="method-content">
                  <a name="contactAddtionTest(abc@gmail.com, 1234567, John, Doe, 1990-01-01, jdoe@fake.com, 8005555555, 1 Main St., Apartment A, A...)">
                  </a> <!-- contactAddtionTest(abc@gmail.com, 1234567, John, Doe, 1990-01-01, jdoe@fake.com, 8005555555, 1 Main St., Apartment A, A...) -->
                  <span class="method-name">contactAddtionTest</span>
                  <span class="parameters">(abc@gmail.com,1234567,John,Doe,1990-01-01,jdoe@fake.com,8005555555,1 Main St.,Apartment A,Anytown,KS,12345,USA)</span>
                </div> <!-- method-content -->
              </div> <!-- method -->
              <div class="method">
                <div class="method-content">
                  <a name="contactAddtionTest(abc@gmail.com, 1234567, Amy, Miller, 1994-02-05, amiller@fake.com, 8005554242, 13 School St., Apt. 5...)">
                  </a> <!-- contactAddtionTest(abc@gmail.com, 1234567, Amy, Miller, 1994-02-05, amiller@fake.com, 8005554242, 13 School St., Apt. 5...) -->
                  <span class="method-name">contactAddtionTest</span>
                  <span class="parameters">(abc@gmail.com,1234567,Amy,Miller,1994-02-05,amiller@fake.com,8005554242,13 School St.,Apt. 5,Washington,QC,1234,Canada)</span>
                </div> <!-- method-content -->
              </div> <!-- method -->
              <div class="method">
                <div class="method-content">
                  <a name="contactAddtionTest(abc@gmail.com, 1234567, Amy, Miller, 1990-10-25, amiller@fake.com, 8005554242, 13 School St., Apt. 5...)">
                  </a> <!-- contactAddtionTest(abc@gmail.com, 1234567, Amy, Miller, 1990-10-25, amiller@fake.com, 8005554242, 13 School St., Apt. 5...) -->
                  <span class="method-name">contactAddtionTest</span>
                  <span class="parameters">(abc@gmail.com,1234567,Amy,Miller,1990-10-25,amiller@fake.com,8005554242,13 School St.,Apt. 5,Washington,QC,1234,Canada)</span>
                </div> <!-- method-content -->
              </div> <!-- method -->
            </div> <!-- main-panel-content rounded-window-bottom -->
          </div> <!-- suite-Suite-class-passed -->
          <div class="suite-Suite-class-passed">
            <div class="main-panel-header rounded-window-top">
              <img src="passed.png"/>
              <span class="class-name">test.TC_002_LoginPageTest</span>
            </div> <!-- main-panel-header rounded-window-top -->
            <div class="main-panel-content rounded-window-bottom">
              <div class="method">
                <div class="method-content">
                  <a name="loginTest(abc@gmail.com, 1234567)">
                  </a> <!-- loginTest(abc@gmail.com, 1234567) -->
                  <span class="method-name">loginTest</span>
                  <span class="parameters">(abc@gmail.com,1234567)</span>
                </div> <!-- method-content -->
              </div> <!-- method -->
            </div> <!-- main-panel-content rounded-window-bottom -->
          </div> <!-- suite-Suite-class-passed -->
        </div> <!-- panel Suite -->
        <div panel-name="test-xml-Suite" class="panel">
          <div class="main-panel-header rounded-window-top">
            <span class="header-content">C:\Users\Asus\eclipse-workspace\JAT-MiniProject-2-Version_1\testng.xml</span>
          </div> <!-- main-panel-header rounded-window-top -->
          <div class="main-panel-content rounded-window-bottom">
            <pre>
&lt;?xml version=&quot;1.0&quot; encoding=&quot;UTF-8&quot;?&gt;
&lt;!DOCTYPE suite SYSTEM &quot;https://testng.org/testng-1.0.dtd&quot;&gt;
&lt;suite name=&quot;Suite&quot; guice-stage=&quot;DEVELOPMENT&quot; verbose=&quot;0&quot;&gt;
  &lt;listeners&gt;
    &lt;listener class-name=&quot;utils.Listener&quot;/&gt;
  &lt;/listeners&gt;
  &lt;test thread-count=&quot;5&quot; name=&quot;Chrome Test&quot; verbose=&quot;0&quot;&gt;
    &lt;parameter name=&quot;browser&quot; value=&quot;chrome&quot;/&gt;
    &lt;classes&gt;
      &lt;class name=&quot;test.TC_002_LoginPageTest&quot;/&gt;
      &lt;class name=&quot;test.TC_003_ContactPageTest&quot;/&gt;
      &lt;class name=&quot;test.TC_004_ContactDisplayPageTest&quot;/&gt;
      &lt;class name=&quot;test.TC_005_ContactEditPageTest&quot;/&gt;
      &lt;class name=&quot;test.TC_006_ContactDeletePageTest&quot;/&gt;
      &lt;class name=&quot;test.TC_007_LogoutPageTest&quot;/&gt;
    &lt;/classes&gt;
  &lt;/test&gt; &lt;!-- Chrome Test --&gt;
&lt;/suite&gt; &lt;!-- Suite --&gt;
            </pre>
          </div> <!-- main-panel-content rounded-window-bottom -->
        </div> <!-- panel -->
        <div panel-name="testlist-Suite" class="panel">
          <div class="main-panel-header rounded-window-top">
            <span class="header-content">Tests for Suite</span>
          </div> <!-- main-panel-header rounded-window-top -->
          <div class="main-panel-content rounded-window-bottom">
            <ul>
              <li>
                <span class="test-name">Chrome Test (6 classes)</span>
              </li>
            </ul>
          </div> <!-- main-panel-content rounded-window-bottom -->
        </div> <!-- panel -->
        <div panel-name="group-Suite" class="panel">
          <div class="main-panel-header rounded-window-top">
            <span class="header-content">Groups for Suite</span>
          </div> <!-- main-panel-header rounded-window-top -->
          <div class="main-panel-content rounded-window-bottom">
          </div> <!-- main-panel-content rounded-window-bottom -->
        </div> <!-- panel -->
        <div panel-name="times-Suite" class="panel">
          <div class="main-panel-header rounded-window-top">
            <span class="header-content">Times for Suite</span>
          </div> <!-- main-panel-header rounded-window-top -->
          <div class="main-panel-content rounded-window-bottom">
            <div class="times-div">
              <script type="text/javascript">
suiteTableInitFunctions.push('tableData_Suite');
function tableData_Suite() {
var data = new google.visualization.DataTable();
data.addColumn('number', 'Number');
data.addColumn('string', 'Method');
data.addColumn('string', 'Class');
data.addColumn('number', 'Time (ms)');
data.addRows(11);
data.setCell(0, 0, 0)
data.setCell(0, 1, 'finalLogoutTest')
data.setCell(0, 2, 'test.TC_007_LogoutPageTest')
data.setCell(0, 3, 20441);
data.setCell(1, 0, 1)
data.setCell(1, 1, 'contactEditingTest')
data.setCell(1, 2, 'test.TC_005_ContactEditPageTest')
data.setCell(1, 3, 14464);
data.setCell(2, 0, 2)
data.setCell(2, 1, 'contactAddtionTest')
data.setCell(2, 2, 'test.TC_003_ContactPageTest')
data.setCell(2, 3, 12289);
data.setCell(3, 0, 3)
data.setCell(3, 1, 'contactAddtionTest')
data.setCell(3, 2, 'test.TC_003_ContactPageTest')
data.setCell(3, 3, 12256);
data.setCell(4, 0, 4)
data.setCell(4, 1, 'contactDeletingTest')
data.setCell(4, 2, 'test.TC_006_ContactDeletePageTest')
data.setCell(4, 3, 8249);
data.setCell(5, 0, 5)
data.setCell(5, 1, 'contactAddtionTest')
data.setCell(5, 2, 'test.TC_003_ContactPageTest')
data.setCell(5, 3, 7251);
data.setCell(6, 0, 6)
data.setCell(6, 1, 'contactAddtionTest')
data.setCell(6, 2, 'test.TC_003_ContactPageTest')
data.setCell(6, 3, 7234);
data.setCell(7, 0, 7)
data.setCell(7, 1, 'contactAddtionTest')
data.setCell(7, 2, 'test.TC_003_ContactPageTest')
data.setCell(7, 3, 7205);
data.setCell(8, 0, 8)
data.setCell(8, 1, 'contactDisplatTest')
data.setCell(8, 2, 'test.TC_004_ContactDisplayPageTest')
data.setCell(8, 3, 6381);
data.setCell(9, 0, 9)
data.setCell(9, 1, 'loginTest')
data.setCell(9, 2, 'test.TC_002_LoginPageTest')
data.setCell(9, 3, 5271);
data.setCell(10, 0, 10)
data.setCell(10, 1, 'loginTest')
data.setCell(10, 2, 'test.TC_002_LoginPageTest')
data.setCell(10, 3, 1050);
window.suiteTableData['Suite']= { tableData: data, tableDiv: 'times-div-Suite'}
return data;
}
              </script>
              <span class="suite-total-time">Total running time: 1 minutes</span>
              <div id="times-div-Suite">
              </div> <!-- times-div-Suite -->
            </div> <!-- times-div -->
          </div> <!-- main-panel-content rounded-window-bottom -->
        </div> <!-- panel -->
        <div panel-name="reporter-Suite" class="panel">
          <div class="main-panel-header rounded-window-top">
            <span class="header-content">Reporter output for Suite</span>
          </div> <!-- main-panel-header rounded-window-top -->
          <div class="main-panel-content rounded-window-bottom">
          </div> <!-- main-panel-content rounded-window-bottom -->
        </div> <!-- panel -->
        <div panel-name="ignored-methods-Suite" class="panel">
          <div class="main-panel-header rounded-window-top">
            <span class="header-content">10 ignored methods</span>
          </div> <!-- main-panel-header rounded-window-top -->
          <div class="main-panel-content rounded-window-bottom">
            <div class="ignored-class-div">
              <span class="ignored-class-name">test.TC_006_ContactDeletePageTest</span>
              <div class="ignored-methods-div">
                <span class="ignored-method-name">closeReport</span>
                <br/>
                <span class="ignored-method-name">reportInitialization</span>
                <br/>
              </div> <!-- ignored-methods-div -->
            </div> <!-- ignored-class-div -->
            <div class="ignored-class-div">
              <span class="ignored-class-name">test.TC_004_ContactDisplayPageTest</span>
              <div class="ignored-methods-div">
                <span class="ignored-method-name">closeReport</span>
                <br/>
                <span class="ignored-method-name">reportInitialization</span>
                <br/>
              </div> <!-- ignored-methods-div -->
            </div> <!-- ignored-class-div -->
            <div class="ignored-class-div">
              <span class="ignored-class-name">test.TC_005_ContactEditPageTest</span>
              <div class="ignored-methods-div">
                <span class="ignored-method-name">closeReport</span>
                <br/>
                <span class="ignored-method-name">reportInitialization</span>
                <br/>
              </div> <!-- ignored-methods-div -->
            </div> <!-- ignored-class-div -->
            <div class="ignored-class-div">
              <span class="ignored-class-name">test.TC_007_LogoutPageTest</span>
              <div class="ignored-methods-div">
                <span class="ignored-method-name">closeReport</span>
                <br/>
                <span class="ignored-method-name">reportInitialization</span>
                <br/>
              </div> <!-- ignored-methods-div -->
            </div> <!-- ignored-class-div -->
            <div class="ignored-class-div">
              <span class="ignored-class-name">test.TC_003_ContactPageTest</span>
              <div class="ignored-methods-div">
                <span class="ignored-method-name">closeReport</span>
                <br/>
                <span class="ignored-method-name">reportInitialization</span>
                <br/>
              </div> <!-- ignored-methods-div -->
            </div> <!-- ignored-class-div -->
          </div> <!-- main-panel-content rounded-window-bottom -->
        </div> <!-- panel -->
        <div panel-name="chronological-Suite" class="panel">
          <div class="main-panel-header rounded-window-top">
            <span class="header-content">Methods in chronological order</span>
          </div> <!-- main-panel-header rounded-window-top -->
          <div class="main-panel-content rounded-window-bottom">
            <div class="chronological-class">
              <div class="chronological-class-name">test.TC_002_LoginPageTest</div> <!-- chronological-class-name -->
              <div class="configuration-suite before">
                <span class="method-name">reportInitialization</span>
                <span class="method-start">0 ms</span>
              </div> <!-- configuration-suite before -->
              <div class="configuration-test before">
                <span class="method-name">data</span>
                <span class="method-start">179 ms</span>
              </div> <!-- configuration-test before -->
            </div> <!-- chronological-class -->
            <div class="chronological-class">
              <div class="chronological-class-name">test.TC_005_ContactEditPageTest</div> <!-- chronological-class-name -->
              <div class="configuration-test before">
                <span class="method-name">data</span>
                <span class="method-start">180 ms</span>
              </div> <!-- configuration-test before -->
            </div> <!-- chronological-class -->
            <div class="chronological-class">
              <div class="chronological-class-name">test.TC_004_ContactDisplayPageTest</div> <!-- chronological-class-name -->
              <div class="configuration-test before">
                <span class="method-name">data</span>
                <span class="method-start">180 ms</span>
              </div> <!-- configuration-test before -->
            </div> <!-- chronological-class -->
            <div class="chronological-class">
              <div class="chronological-class-name">test.TC_003_ContactPageTest</div> <!-- chronological-class-name -->
              <div class="configuration-test before">
                <span class="method-name">data</span>
                <span class="method-start">180 ms</span>
              </div> <!-- configuration-test before -->
            </div> <!-- chronological-class -->
            <div class="chronological-class">
              <div class="chronological-class-name">test.TC_007_LogoutPageTest</div> <!-- chronological-class-name -->
              <div class="configuration-test before">
                <span class="method-name">data</span>
                <span class="method-start">181 ms</span>
              </div> <!-- configuration-test before -->
            </div> <!-- chronological-class -->
            <div class="chronological-class">
              <div class="chronological-class-name">test.TC_006_ContactDeletePageTest</div> <!-- chronological-class-name -->
              <div class="configuration-test before">
                <span class="method-name">data</span>
                <span class="method-start">181 ms</span>
              </div> <!-- configuration-test before -->
            </div> <!-- chronological-class -->
            <div class="chronological-class">
              <div class="chronological-class-name">test.TC_002_LoginPageTest</div> <!-- chronological-class-name -->
              <div class="configuration-class before">
                <span class="method-name">testDataDetails</span>
                <span class="method-start">196 ms</span>
              </div> <!-- configuration-class before -->
              <div class="configuration-class before">
                <span class="method-name">tdetails</span>
                <span class="method-start">203 ms</span>
              </div> <!-- configuration-class before -->
              <div class="configuration-method before">
                <span class="method-name">launchBrowserAndURL(chrome)</span>
                <span class="method-start">821 ms</span>
              </div> <!-- configuration-method before -->
              <div class="test-method">
                <span class="method-name">loginTest(abc@gmail.com, 1234567)</span>
                <span class="method-start">3869 ms</span>
              </div> <!-- test-method -->
              <div class="configuration-method after">
                <span class="method-name">closeBrowser</span>
                <span class="method-start">4926 ms</span>
              </div> <!-- configuration-method after -->
              <div class="configuration-method before">
                <span class="method-name">launchBrowserAndURL(chrome)</span>
                <span class="method-start">4978 ms</span>
              </div> <!-- configuration-method before -->
              <div class="test-method">
                <img src="failed.png">
                </img>
                <span class="method-name">loginTest(abc@gmail.com, 123456)</span>
                <span class="method-start">7533 ms</span>
              </div> <!-- test-method -->
              <div class="configuration-method after">
                <span class="method-name">closeBrowser</span>
                <span class="method-start">12898 ms</span>
              </div> <!-- configuration-method after -->
            </div> <!-- chronological-class -->
            <div class="chronological-class">
              <div class="chronological-class-name">test.TC_003_ContactPageTest</div> <!-- chronological-class-name -->
              <div class="configuration-class before">
                <span class="method-name">testDataDetails</span>
                <span class="method-start">12957 ms</span>
              </div> <!-- configuration-class before -->
              <div class="configuration-class before">
                <span class="method-name">tdetails</span>
                <span class="method-start">12957 ms</span>
              </div> <!-- configuration-class before -->
              <div class="configuration-method before">
                <span class="method-name">launchBrowserAndURL(chrome)</span>
                <span class="method-start">13059 ms</span>
              </div> <!-- configuration-method before -->
              <div class="test-method">
                <span class="method-name">contactAddtionTest(abc@gmail.com, 1234567, John, Doe, 1990-01-01, jdoe@fake.com, 8005555555, 1 Main St., Apartment A, A...)</span>
                <span class="method-start">15852 ms</span>
              </div> <!-- test-method -->
              <div class="configuration-method after">
                <span class="method-name">closeBrowser</span>
                <span class="method-start">23103 ms</span>
              </div> <!-- configuration-method after -->
              <div class="configuration-method before">
                <span class="method-name">launchBrowserAndURL(chrome)</span>
                <span class="method-start">23181 ms</span>
              </div> <!-- configuration-method before -->
              <div class="test-method">
                <span class="method-name">contactAddtionTest(abc@gmail.com, 1234567, Amy, Miller, 1990-10-25, amiller@fake.com, 8005554242, 13 School St., Apt. 5...)</span>
                <span class="method-start">25752 ms</span>
              </div> <!-- test-method -->
              <div class="configuration-method after">
                <span class="method-name">closeBrowser</span>
                <span class="method-start">32958 ms</span>
              </div> <!-- configuration-method after -->
              <div class="configuration-method before">
                <span class="method-name">launchBrowserAndURL(chrome)</span>
                <span class="method-start">33170 ms</span>
              </div> <!-- configuration-method before -->
              <div class="test-method">
                <span class="method-name">contactAddtionTest(abc@gmail.com, 1234567, Amy, Miller, 1994-02-05, amiller@fake.com, 8005554242, 13 School St., Apt. 5...)</span>
                <span class="method-start">35866 ms</span>
              </div> <!-- test-method -->
              <div class="configuration-method after">
                <span class="method-name">closeBrowser</span>
                <span class="method-start">43100 ms</span>
              </div> <!-- configuration-method after -->
              <div class="configuration-method before">
                <span class="method-name">launchBrowserAndURL(chrome)</span>
                <span class="method-start">43193 ms</span>
              </div> <!-- configuration-method before -->
              <div class="test-method">
                <img src="failed.png">
                </img>
                <span class="method-name">contactAddtionTest(abc@gmail.com, 1234567, , , 01-01-1970, jdoe@fake.com, 8005555555, 1 Main St., Apartment A, Anytown,...)</span>
                <span class="method-start">45754 ms</span>
              </div> <!-- test-method -->
              <div class="configuration-method after">
                <span class="method-name">closeBrowser</span>
                <span class="method-start">58135 ms</span>
              </div> <!-- configuration-method after -->
              <div class="configuration-method before">
                <span class="method-name">launchBrowserAndURL(chrome)</span>
                <span class="method-start">58213 ms</span>
              </div> <!-- configuration-method before -->
              <div class="test-method">
                <img src="failed.png">
                </img>
                <span class="method-name">contactAddtionTest(abc@gmail.com, 1234567, John, Doe, 03-05-1980, jdoe@fake.com, 8005555555, 1 Main St., Apartment A, A...)</span>
                <span class="method-start">60822 ms</span>
              </div> <!-- test-method -->
              <div class="configuration-method after">
                <span class="method-name">closeBrowser</span>
                <span class="method-start">73220 ms</span>
              </div> <!-- configuration-method after -->
            </div> <!-- chronological-class -->
            <div class="chronological-class">
              <div class="chronological-class-name">test.TC_004_ContactDisplayPageTest</div> <!-- chronological-class-name -->
              <div class="configuration-class before">
                <span class="method-name">testDataDetails</span>
                <span class="method-start">73318 ms</span>
              </div> <!-- configuration-class before -->
              <div class="configuration-class before">
                <span class="method-name">tdetails</span>
                <span class="method-start">73318 ms</span>
              </div> <!-- configuration-class before -->
              <div class="configuration-method before">
                <span class="method-name">launchBrowserAndURL(chrome)</span>
                <span class="method-start">73396 ms</span>
              </div> <!-- configuration-method before -->
              <div class="test-method">
                <img src="failed.png">
                </img>
                <span class="method-name">contactDisplatTest(abc@gmail.com, 1234567)</span>
                <span class="method-start">76023 ms</span>
              </div> <!-- test-method -->
              <div class="configuration-method after">
                <span class="method-name">closeBrowser</span>
                <span class="method-start">82488 ms</span>
              </div> <!-- configuration-method after -->
            </div> <!-- chronological-class -->
            <div class="chronological-class">
              <div class="chronological-class-name">test.TC_005_ContactEditPageTest</div> <!-- chronological-class-name -->
              <div class="configuration-class before">
                <span class="method-name">details</span>
                <span class="method-start">82542 ms</span>
              </div> <!-- configuration-class before -->
              <div class="configuration-class before">
                <span class="method-name">testDataDetails</span>
                <span class="method-start">82542 ms</span>
              </div> <!-- configuration-class before -->
              <div class="configuration-method before">
                <span class="method-name">launchBrowserAndURL(chrome)</span>
                <span class="method-start">82637 ms</span>
              </div> <!-- configuration-method before -->
              <div class="test-method">
                <span class="method-name">contactEditingTest(abc@gmail.com, 1234567, Anna, Mil, amiller@fake.com, 9876543210)</span>
                <span class="method-start">85217 ms</span>
              </div> <!-- test-method -->
              <div class="configuration-method after">
                <span class="method-name">closeBrowser</span>
                <span class="method-start">99681 ms</span>
              </div> <!-- configuration-method after -->
            </div> <!-- chronological-class -->
            <div class="chronological-class">
              <div class="chronological-class-name">test.TC_006_ContactDeletePageTest</div> <!-- chronological-class-name -->
              <div class="configuration-class before">
                <span class="method-name">testDataDetails</span>
                <span class="method-start">99745 ms</span>
              </div> <!-- configuration-class before -->
              <div class="configuration-class before">
                <span class="method-name">details</span>
                <span class="method-start">99746 ms</span>
              </div> <!-- configuration-class before -->
              <div class="configuration-method before">
                <span class="method-name">launchBrowserAndURL(chrome)</span>
                <span class="method-start">99834 ms</span>
              </div> <!-- configuration-method before -->
              <div class="test-method">
                <span class="method-name">contactDeletingTest(abc@gmail.com, 1234567)</span>
                <span class="method-start">102510 ms</span>
              </div> <!-- test-method -->
              <div class="configuration-method after">
                <span class="method-name">closeBrowser</span>
                <span class="method-start">110760 ms</span>
              </div> <!-- configuration-method after -->
            </div> <!-- chronological-class -->
            <div class="chronological-class">
              <div class="chronological-class-name">test.TC_007_LogoutPageTest</div> <!-- chronological-class-name -->
              <div class="configuration-class before">
                <span class="method-name">testDataDetails</span>
                <span class="method-start">110863 ms</span>
              </div> <!-- configuration-class before -->
              <div class="configuration-class before">
                <span class="method-name">details</span>
                <span class="method-start">110863 ms</span>
              </div> <!-- configuration-class before -->
              <div class="configuration-method before">
                <span class="method-name">launchBrowserAndURL(chrome)</span>
                <span class="method-start">110941 ms</span>
              </div> <!-- configuration-method before -->
              <div class="test-method">
                <span class="method-name">finalLogoutTest(abc@gmail.com, 1234567)</span>
                <span class="method-start">113500 ms</span>
              </div> <!-- test-method -->
              <div class="configuration-method after">
                <span class="method-name">closeBrowser</span>
                <span class="method-start">133941 ms</span>
              </div> <!-- configuration-method after -->
            </div> <!-- chronological-class -->
            <div class="chronological-class">
              <div class="chronological-class-name">test.TC_002_LoginPageTest</div> <!-- chronological-class-name -->
              <div class="configuration-suite after">
                <span class="method-name">closeReport</span>
                <span class="method-start">134078 ms</span>
              </div> <!-- configuration-suite after -->
          </div> <!-- main-panel-content rounded-window-bottom -->
        </div> <!-- panel -->
      </div> <!-- main-panel-root -->
    </div> <!-- wrapper -->
  </body>
<script type="text/javascript" src="testng-reports2.js"></script>
</html>
