<?xml version="1.0" encoding="UTF-8"?>
<testng-results ignored="24" total="50" passed="18" failed="8" skipped="0">
  <reporter-output>
  </reporter-output>
  <suite started-at="2024-12-20T19:19:52 IST" name="Suite" finished-at="2024-12-20T19:29:48 IST" duration-ms="596120">
    <groups>
    </groups>
    <test started-at="2024-12-20T19:19:52 IST" name="Chrome Test" finished-at="2024-12-20T19:24:42 IST" duration-ms="290428">
      <class name="test.TC_001_SignupTest">
        <test-method is-config="true" signature="data()[pri:0, instance:test.TC_001_SignupTest@185a6e9]" started-at="2024-12-20T19:19:52 IST" name="data" finished-at="2024-12-20T19:19:52 IST" duration-ms="1" status="PASS">
          <reporter-output>
          </reporter-output>
        </test-method> <!-- data -->
        <test-method is-config="true" signature="testDataDetails()[pri:0, instance:test.TC_001_SignupTest@185a6e9]" started-at="2024-12-20T19:19:52 IST" name="testDataDetails" finished-at="2024-12-20T19:19:52 IST" duration-ms="10" status="PASS">
          <reporter-output>
          </reporter-output>
        </test-method> <!-- testDataDetails -->
        <test-method is-config="true" signature="tdetails()[pri:0, instance:test.TC_001_SignupTest@185a6e9]" started-at="2024-12-20T19:19:52 IST" name="tdetails" finished-at="2024-12-20T19:19:52 IST" duration-ms="1" status="PASS">
          <reporter-output>
          </reporter-output>
        </test-method> <!-- tdetails -->
        <test-method is-config="true" signature="launchBrowserAndURL(java.lang.String)[pri:0, instance:test.TC_001_SignupTest@185a6e9]" started-at="2024-12-20T19:19:53 IST" name="launchBrowserAndURL" finished-at="2024-12-20T19:19:59 IST" duration-ms="6952" status="PASS">
          <params>
            <param index="0">
              <value>
                <![CDATA[chrome]]>
              </value>
            </param>
          </params>
          <reporter-output>
          </reporter-output>
        </test-method> <!-- launchBrowserAndURL -->
        <test-method signature="signUpTest(java.lang.String,java.lang.String,java.lang.String,java.lang.String)[pri:0, instance:test.TC_001_SignupTest@185a6e9]" started-at="2024-12-20T19:19:59 IST" name="signUpTest" data-provider="excelRead" finished-at="2024-12-20T19:20:06 IST" duration-ms="6227" status="PASS">
          <params>
            <param index="0">
              <value>
                <![CDATA[Loganayaki]]>
              </value>
            </param>
            <param index="1">
              <value>
                <![CDATA[P]]>
              </value>
            </param>
            <param index="2">
              <value>
                <![CDATA[logutest131997@gmail.com]]>
              </value>
            </param>
            <param index="3">
              <value>
                <![CDATA[12345678]]>
              </value>
            </param>
          </params>
          <reporter-output>
          </reporter-output>
        </test-method> <!-- signUpTest -->
        <test-method is-config="true" signature="closeBrowser()[pri:0, instance:test.TC_001_SignupTest@185a6e9]" started-at="2024-12-20T19:20:06 IST" name="closeBrowser" finished-at="2024-12-20T19:20:06 IST" duration-ms="258" status="PASS">
          <reporter-output>
          </reporter-output>
        </test-method> <!-- closeBrowser -->
      </class> <!-- test.TC_001_SignupTest -->
      <class name="test.TC_002_LoginPageTest">
        <test-method is-config="true" signature="data()[pri:0, instance:test.TC_002_LoginPageTest@74e52ef6]" started-at="2024-12-20T19:19:52 IST" name="data" finished-at="2024-12-20T19:19:52 IST" duration-ms="0" status="PASS">
          <reporter-output>
          </reporter-output>
        </test-method> <!-- data -->
        <test-method is-config="true" signature="tdetails()[pri:0, instance:test.TC_002_LoginPageTest@74e52ef6]" started-at="2024-12-20T19:20:06 IST" name="tdetails" finished-at="2024-12-20T19:20:06 IST" duration-ms="1" status="PASS">
          <reporter-output>
          </reporter-output>
        </test-method> <!-- tdetails -->
        <test-method is-config="true" signature="testDataDetails()[pri:0, instance:test.TC_002_LoginPageTest@74e52ef6]" started-at="2024-12-20T19:20:06 IST" name="testDataDetails" finished-at="2024-12-20T19:20:06 IST" duration-ms="0" status="PASS">
          <reporter-output>
          </reporter-output>
        </test-method> <!-- testDataDetails -->
        <test-method is-config="true" signature="launchBrowserAndURL(java.lang.String)[pri:0, instance:test.TC_002_LoginPageTest@74e52ef6]" started-at="2024-12-20T19:20:06 IST" name="launchBrowserAndURL" finished-at="2024-12-20T19:20:14 IST" duration-ms="7639" status="PASS">
          <params>
            <param index="0">
              <value>
                <![CDATA[chrome]]>
              </value>
            </param>
          </params>
          <reporter-output>
          </reporter-output>
        </test-method> <!-- launchBrowserAndURL -->
        <test-method signature="loginTest(java.lang.String,java.lang.String)[pri:0, instance:test.TC_002_LoginPageTest@74e52ef6]" started-at="2024-12-20T19:20:14 IST" name="loginTest" data-provider="excelRead" finished-at="2024-12-20T19:20:18 IST" duration-ms="4249" status="PASS">
          <params>
            <param index="0">
              <value>
                <![CDATA[logutest131997@gmail.com]]>
              </value>
            </param>
            <param index="1">
              <value>
                <![CDATA[12345678]]>
              </value>
            </param>
          </params>
          <reporter-output>
          </reporter-output>
        </test-method> <!-- loginTest -->
        <test-method is-config="true" signature="closeBrowser()[pri:0, instance:test.TC_002_LoginPageTest@74e52ef6]" started-at="2024-12-20T19:20:18 IST" name="closeBrowser" finished-at="2024-12-20T19:20:18 IST" duration-ms="276" status="PASS">
          <reporter-output>
          </reporter-output>
        </test-method> <!-- closeBrowser -->
        <test-method is-config="true" signature="launchBrowserAndURL(java.lang.String)[pri:0, instance:test.TC_002_LoginPageTest@74e52ef6]" started-at="2024-12-20T19:20:18 IST" name="launchBrowserAndURL" finished-at="2024-12-20T19:20:27 IST" duration-ms="8641" status="PASS">
          <params>
            <param index="0">
              <value>
                <![CDATA[chrome]]>
              </value>
            </param>
          </params>
          <reporter-output>
          </reporter-output>
        </test-method> <!-- launchBrowserAndURL -->
        <test-method signature="loginTest(java.lang.String,java.lang.String)[pri:0, instance:test.TC_002_LoginPageTest@74e52ef6]" started-at="2024-12-20T19:20:27 IST" name="loginTest" data-provider="excelRead" finished-at="2024-12-20T19:20:32 IST" duration-ms="5412" status="FAIL">
          <params>
            <param index="0">
              <value>
                <![CDATA[logutest131997@gmail.com]]>
              </value>
            </param>
            <param index="1">
              <value>
                <![CDATA[123456]]>
              </value>
            </param>
          </params>
          <exception class="org.openqa.selenium.NoSuchElementException">
            <message>
              <![CDATA[no such element: Unable to locate element: {"method":"xpath","selector":"//button[contains(text(),'Add a New Contact')]"}
  (Session info: chrome=131.0.6778.205)
For documentation on this error, please visit: https://www.selenium.dev/documentation/webdriver/troubleshooting/errors#no-such-element-exception
Build info: version: '4.25.0', revision: '8a8aea2337'
System info: os.name: 'Windows 11', os.arch: 'amd64', os.version: '10.0', java.version: '23'
Driver info: org.openqa.selenium.chrome.ChromeDriver
Command: [fa51d36e0a2b72fe29bdc33ca62eb671, findElement {value=//button[contains(text(),'Add a New Contact')], using=xpath}]
Capabilities {acceptInsecureCerts: false, browserName: chrome, browserVersion: 131.0.6778.205, chrome: {chromedriverVersion: 131.0.6778.204 (52183f9e99a..., userDataDir: C:\Users\Asus\AppData\Local...}, fedcm:accounts: true, goog:chromeOptions: {debuggerAddress: localhost:50574}, networkConnectionEnabled: false, pageLoadStrategy: normal, platformName: windows, proxy: Proxy(), se:cdp: ws://localhost:50574/devtoo..., se:cdpVersion: 131.0.6778.205, setWindowRect: true, strictFileInteractability: false, timeouts: {implicit: 0, pageLoad: 300000, script: 30000}, unhandledPromptBehavior: dismiss and notify, webauthn:extension:credBlob: true, webauthn:extension:largeBlob: true, webauthn:extension:minPinLength: true, webauthn:extension:prf: true, webauthn:virtualAuthenticators: true}
Session ID: fa51d36e0a2b72fe29bdc33ca62eb671]]>
            </message>
            <full-stacktrace>
              <![CDATA[org.openqa.selenium.NoSuchElementException: no such element: Unable to locate element: {"method":"xpath","selector":"//button[contains(text(),'Add a New Contact')]"}
  (Session info: chrome=131.0.6778.205)
For documentation on this error, please visit: https://www.selenium.dev/documentation/webdriver/troubleshooting/errors#no-such-element-exception
Build info: version: '4.25.0', revision: '8a8aea2337'
System info: os.name: 'Windows 11', os.arch: 'amd64', os.version: '10.0', java.version: '23'
Driver info: org.openqa.selenium.chrome.ChromeDriver
Command: [fa51d36e0a2b72fe29bdc33ca62eb671, findElement {value=//button[contains(text(),'Add a New Contact')], using=xpath}]
Capabilities {acceptInsecureCerts: false, browserName: chrome, browserVersion: 131.0.6778.205, chrome: {chromedriverVersion: 131.0.6778.204 (52183f9e99a..., userDataDir: C:\Users\Asus\AppData\Local...}, fedcm:accounts: true, goog:chromeOptions: {debuggerAddress: localhost:50574}, networkConnectionEnabled: false, pageLoadStrategy: normal, platformName: windows, proxy: Proxy(), se:cdp: ws://localhost:50574/devtoo..., se:cdpVersion: 131.0.6778.205, setWindowRect: true, strictFileInteractability: false, timeouts: {implicit: 0, pageLoad: 300000, script: 30000}, unhandledPromptBehavior: dismiss and notify, webauthn:extension:credBlob: true, webauthn:extension:largeBlob: true, webauthn:extension:minPinLength: true, webauthn:extension:prf: true, webauthn:virtualAuthenticators: true}
Session ID: fa51d36e0a2b72fe29bdc33ca62eb671
at java.base/jdk.internal.reflect.DirectConstructorHandleAccessor.newInstance(DirectConstructorHandleAccessor.java:62)
at java.base/java.lang.reflect.Constructor.newInstanceWithCaller(Constructor.java:501)
at java.base/java.lang.reflect.Constructor.newInstance(Constructor.java:485)
at org.openqa.selenium.remote.ErrorCodec.decode(ErrorCodec.java:167)
at org.openqa.selenium.remote.codec.w3c.W3CHttpResponseCodec.decode(W3CHttpResponseCodec.java:138)
at org.openqa.selenium.remote.codec.w3c.W3CHttpResponseCodec.decode(W3CHttpResponseCodec.java:50)
at org.openqa.selenium.remote.HttpCommandExecutor.execute(HttpCommandExecutor.java:190)
at org.openqa.selenium.remote.service.DriverCommandExecutor.invokeExecute(DriverCommandExecutor.java:216)
at org.openqa.selenium.remote.service.DriverCommandExecutor.execute(DriverCommandExecutor.java:174)
at org.openqa.selenium.remote.RemoteWebDriver.execute(RemoteWebDriver.java:545)
at org.openqa.selenium.remote.ElementLocation$ElementFinder$2.findElement(ElementLocation.java:165)
at org.openqa.selenium.remote.ElementLocation.findElement(ElementLocation.java:59)
at org.openqa.selenium.remote.RemoteWebDriver.findElement(RemoteWebDriver.java:368)
at org.openqa.selenium.remote.RemoteWebDriver.findElement(RemoteWebDriver.java:362)
at pages.LoginPage.clickLoginSubmit(LoginPage.java:43)
at test.TC_002_LoginPageTest.loginTest(TC_002_LoginPageTest.java:34)
at java.base/jdk.internal.reflect.DirectMethodHandleAccessor.invoke(DirectMethodHandleAccessor.java:103)
at java.base/java.lang.reflect.Method.invoke(Method.java:580)
at org.testng.internal.MethodInvocationHelper.invokeMethod(MethodInvocationHelper.java:133)
at org.testng.internal.TestInvoker.invokeMethod(TestInvoker.java:598)
at org.testng.internal.TestInvoker.invokeTestMethod(TestInvoker.java:173)
at org.testng.internal.MethodRunner.runInSequence(MethodRunner.java:46)
at org.testng.internal.TestInvoker$MethodInvocationAgent.invoke(TestInvoker.java:824)
at org.testng.internal.TestInvoker.invokeTestMethods(TestInvoker.java:146)
at org.testng.internal.TestMethodWorker.invokeTestMethods(TestMethodWorker.java:146)
at org.testng.internal.TestMethodWorker.run(TestMethodWorker.java:128)
at java.base/java.util.ArrayList.forEach(ArrayList.java:1597)
at org.testng.TestRunner.privateRun(TestRunner.java:794)
at org.testng.TestRunner.run(TestRunner.java:596)
at org.testng.SuiteRunner.runTest(SuiteRunner.java:377)
at org.testng.SuiteRunner.runSequentially(SuiteRunner.java:371)
at org.testng.SuiteRunner.privateRun(SuiteRunner.java:332)
at org.testng.SuiteRunner.run(SuiteRunner.java:276)
at org.testng.SuiteRunnerWorker.runSuite(SuiteRunnerWorker.java:53)
at org.testng.SuiteRunnerWorker.run(SuiteRunnerWorker.java:96)
at org.testng.TestNG.runSuitesSequentially(TestNG.java:1212)
at org.testng.TestNG.runSuitesLocally(TestNG.java:1134)
at org.testng.TestNG.runSuites(TestNG.java:1063)
at org.testng.TestNG.run(TestNG.java:1031)
at org.testng.remote.AbstractRemoteTestNG.run(AbstractRemoteTestNG.java:115)
at org.testng.remote.RemoteTestNG.initAndRun(RemoteTestNG.java:293)
at org.testng.remote.RemoteTestNG.main(RemoteTestNG.java:91)
]]>
            </full-stacktrace>
          </exception> <!-- org.openqa.selenium.NoSuchElementException -->
          <reporter-output>
          </reporter-output>
        </test-method> <!-- loginTest -->
        <test-method is-config="true" signature="closeBrowser()[pri:0, instance:test.TC_002_LoginPageTest@74e52ef6]" started-at="2024-12-20T19:20:33 IST" name="closeBrowser" finished-at="2024-12-20T19:20:33 IST" duration-ms="246" status="PASS">
          <reporter-output>
          </reporter-output>
        </test-method> <!-- closeBrowser -->
      </class> <!-- test.TC_002_LoginPageTest -->
      <class name="test.TC_005_ContactEditPageTest">
        <test-method is-config="true" signature="data()[pri:0, instance:test.TC_005_ContactEditPageTest@198b6731]" started-at="2024-12-20T19:19:52 IST" name="data" finished-at="2024-12-20T19:19:52 IST" duration-ms="1" status="PASS">
          <reporter-output>
          </reporter-output>
        </test-method> <!-- data -->
        <test-method is-config="true" signature="details()[pri:0, instance:test.TC_005_ContactEditPageTest@198b6731]" started-at="2024-12-20T19:23:08 IST" name="details" finished-at="2024-12-20T19:23:08 IST" duration-ms="2" status="PASS">
          <reporter-output>
          </reporter-output>
        </test-method> <!-- details -->
        <test-method is-config="true" signature="testDataDetails()[pri:0, instance:test.TC_005_ContactEditPageTest@198b6731]" started-at="2024-12-20T19:23:08 IST" name="testDataDetails" finished-at="2024-12-20T19:23:08 IST" duration-ms="0" status="PASS">
          <reporter-output>
          </reporter-output>
        </test-method> <!-- testDataDetails -->
        <test-method is-config="true" signature="launchBrowserAndURL(java.lang.String)[pri:0, instance:test.TC_005_ContactEditPageTest@198b6731]" started-at="2024-12-20T19:23:08 IST" name="launchBrowserAndURL" finished-at="2024-12-20T19:23:16 IST" duration-ms="8272" status="PASS">
          <params>
            <param index="0">
              <value>
                <![CDATA[chrome]]>
              </value>
            </param>
          </params>
          <reporter-output>
          </reporter-output>
        </test-method> <!-- launchBrowserAndURL -->
        <test-method signature="contactEditingTest(java.lang.String,java.lang.String,java.lang.String,java.lang.String,java.lang.String,java.lang.String)[pri:0, instance:test.TC_005_ContactEditPageTest@198b6731]" started-at="2024-12-20T19:23:16 IST" name="contactEditingTest" data-provider="excelRead" finished-at="2024-12-20T19:23:40 IST" duration-ms="24227" status="PASS">
          <params>
            <param index="0">
              <value>
                <![CDATA[logutest131997@gmail.com]]>
              </value>
            </param>
            <param index="1">
              <value>
                <![CDATA[12345678]]>
              </value>
            </param>
            <param index="2">
              <value>
                <![CDATA[Anna]]>
              </value>
            </param>
            <param index="3">
              <value>
                <![CDATA[Mil]]>
              </value>
            </param>
            <param index="4">
              <value>
                <![CDATA[amiller@fake.com]]>
              </value>
            </param>
            <param index="5">
              <value>
                <![CDATA[9876543210]]>
              </value>
            </param>
          </params>
          <reporter-output>
          </reporter-output>
        </test-method> <!-- contactEditingTest -->
        <test-method is-config="true" signature="closeBrowser()[pri:0, instance:test.TC_005_ContactEditPageTest@198b6731]" started-at="2024-12-20T19:23:40 IST" name="closeBrowser" finished-at="2024-12-20T19:23:41 IST" duration-ms="247" status="PASS">
          <reporter-output>
          </reporter-output>
        </test-method> <!-- closeBrowser -->
      </class> <!-- test.TC_005_ContactEditPageTest -->
      <class name="test.TC_004_ContactDisplayPageTest">
        <test-method is-config="true" signature="data()[pri:0, instance:test.TC_004_ContactDisplayPageTest@489115ef]" started-at="2024-12-20T19:19:52 IST" name="data" finished-at="2024-12-20T19:19:52 IST" duration-ms="1" status="PASS">
          <reporter-output>
          </reporter-output>
        </test-method> <!-- data -->
        <test-method is-config="true" signature="testDataDetails()[pri:0, instance:test.TC_004_ContactDisplayPageTest@489115ef]" started-at="2024-12-20T19:22:52 IST" name="testDataDetails" finished-at="2024-12-20T19:22:52 IST" duration-ms="0" status="PASS">
          <reporter-output>
          </reporter-output>
        </test-method> <!-- testDataDetails -->
        <test-method is-config="true" signature="tdetails()[pri:0, instance:test.TC_004_ContactDisplayPageTest@489115ef]" started-at="2024-12-20T19:22:52 IST" name="tdetails" finished-at="2024-12-20T19:22:52 IST" duration-ms="1" status="PASS">
          <reporter-output>
          </reporter-output>
        </test-method> <!-- tdetails -->
        <test-method is-config="true" signature="launchBrowserAndURL(java.lang.String)[pri:0, instance:test.TC_004_ContactDisplayPageTest@489115ef]" started-at="2024-12-20T19:22:52 IST" name="launchBrowserAndURL" finished-at="2024-12-20T19:22:59 IST" duration-ms="7549" status="PASS">
          <params>
            <param index="0">
              <value>
                <![CDATA[chrome]]>
              </value>
            </param>
          </params>
          <reporter-output>
          </reporter-output>
        </test-method> <!-- launchBrowserAndURL -->
        <test-method signature="contactDisplatTest(java.lang.String,java.lang.String)[pri:0, instance:test.TC_004_ContactDisplayPageTest@489115ef]" started-at="2024-12-20T19:22:59 IST" name="contactDisplatTest" data-provider="excelRead" finished-at="2024-12-20T19:23:07 IST" duration-ms="8057" status="FAIL">
          <params>
            <param index="0">
              <value>
                <![CDATA[logutest131997@gmail.com]]>
              </value>
            </param>
            <param index="1">
              <value>
                <![CDATA[12345678]]>
              </value>
            </param>
          </params>
          <exception class="org.openqa.selenium.NoSuchElementException">
            <message>
              <![CDATA[no such element: Unable to locate element: {"method":"xpath","selector":"//td[contains(text(),'Anna Mil')]"}
  (Session info: chrome=131.0.6778.205)
For documentation on this error, please visit: https://www.selenium.dev/documentation/webdriver/troubleshooting/errors#no-such-element-exception
Build info: version: '4.25.0', revision: '8a8aea2337'
System info: os.name: 'Windows 11', os.arch: 'amd64', os.version: '10.0', java.version: '23'
Driver info: org.openqa.selenium.chrome.ChromeDriver
Command: [9ec53172f13b8dc708b39b7c12f47e29, findElement {value=//td[contains(text(),'Anna Mil')], using=xpath}]
Capabilities {acceptInsecureCerts: false, browserName: chrome, browserVersion: 131.0.6778.205, chrome: {chromedriverVersion: 131.0.6778.204 (52183f9e99a..., userDataDir: C:\Users\Asus\AppData\Local...}, fedcm:accounts: true, goog:chromeOptions: {debuggerAddress: localhost:50719}, networkConnectionEnabled: false, pageLoadStrategy: normal, platformName: windows, proxy: Proxy(), se:cdp: ws://localhost:50719/devtoo..., se:cdpVersion: 131.0.6778.205, setWindowRect: true, strictFileInteractability: false, timeouts: {implicit: 0, pageLoad: 300000, script: 30000}, unhandledPromptBehavior: dismiss and notify, webauthn:extension:credBlob: true, webauthn:extension:largeBlob: true, webauthn:extension:minPinLength: true, webauthn:extension:prf: true, webauthn:virtualAuthenticators: true}
Session ID: 9ec53172f13b8dc708b39b7c12f47e29]]>
            </message>
            <full-stacktrace>
              <![CDATA[org.openqa.selenium.NoSuchElementException: no such element: Unable to locate element: {"method":"xpath","selector":"//td[contains(text(),'Anna Mil')]"}
  (Session info: chrome=131.0.6778.205)
For documentation on this error, please visit: https://www.selenium.dev/documentation/webdriver/troubleshooting/errors#no-such-element-exception
Build info: version: '4.25.0', revision: '8a8aea2337'
System info: os.name: 'Windows 11', os.arch: 'amd64', os.version: '10.0', java.version: '23'
Driver info: org.openqa.selenium.chrome.ChromeDriver
Command: [9ec53172f13b8dc708b39b7c12f47e29, findElement {value=//td[contains(text(),'Anna Mil')], using=xpath}]
Capabilities {acceptInsecureCerts: false, browserName: chrome, browserVersion: 131.0.6778.205, chrome: {chromedriverVersion: 131.0.6778.204 (52183f9e99a..., userDataDir: C:\Users\Asus\AppData\Local...}, fedcm:accounts: true, goog:chromeOptions: {debuggerAddress: localhost:50719}, networkConnectionEnabled: false, pageLoadStrategy: normal, platformName: windows, proxy: Proxy(), se:cdp: ws://localhost:50719/devtoo..., se:cdpVersion: 131.0.6778.205, setWindowRect: true, strictFileInteractability: false, timeouts: {implicit: 0, pageLoad: 300000, script: 30000}, unhandledPromptBehavior: dismiss and notify, webauthn:extension:credBlob: true, webauthn:extension:largeBlob: true, webauthn:extension:minPinLength: true, webauthn:extension:prf: true, webauthn:virtualAuthenticators: true}
Session ID: 9ec53172f13b8dc708b39b7c12f47e29
at java.base/jdk.internal.reflect.DirectConstructorHandleAccessor.newInstance(DirectConstructorHandleAccessor.java:62)
at java.base/java.lang.reflect.Constructor.newInstanceWithCaller(Constructor.java:501)
at java.base/java.lang.reflect.Constructor.newInstance(Constructor.java:485)
at org.openqa.selenium.remote.ErrorCodec.decode(ErrorCodec.java:167)
at org.openqa.selenium.remote.codec.w3c.W3CHttpResponseCodec.decode(W3CHttpResponseCodec.java:138)
at org.openqa.selenium.remote.codec.w3c.W3CHttpResponseCodec.decode(W3CHttpResponseCodec.java:50)
at org.openqa.selenium.remote.HttpCommandExecutor.execute(HttpCommandExecutor.java:190)
at org.openqa.selenium.remote.service.DriverCommandExecutor.invokeExecute(DriverCommandExecutor.java:216)
at org.openqa.selenium.remote.service.DriverCommandExecutor.execute(DriverCommandExecutor.java:174)
at org.openqa.selenium.remote.RemoteWebDriver.execute(RemoteWebDriver.java:545)
at org.openqa.selenium.remote.ElementLocation$ElementFinder$2.findElement(ElementLocation.java:165)
at org.openqa.selenium.remote.ElementLocation.findElement(ElementLocation.java:59)
at org.openqa.selenium.remote.RemoteWebDriver.findElement(RemoteWebDriver.java:368)
at org.openqa.selenium.remote.RemoteWebDriver.findElement(RemoteWebDriver.java:362)
at org.openqa.selenium.support.pagefactory.DefaultElementLocator.findElement(DefaultElementLocator.java:68)
at org.openqa.selenium.support.pagefactory.internal.LocatingElementHandler.invoke(LocatingElementHandler.java:38)
at jdk.proxy2/jdk.proxy2.$Proxy20.isDisplayed(Unknown Source)
at pages.ContactDisplayPage.contactValidation(ContactDisplayPage.java:32)
at test.TC_004_ContactDisplayPageTest.contactDisplatTest(TC_004_ContactDisplayPageTest.java:34)
at java.base/jdk.internal.reflect.DirectMethodHandleAccessor.invoke(DirectMethodHandleAccessor.java:103)
at java.base/java.lang.reflect.Method.invoke(Method.java:580)
at org.testng.internal.MethodInvocationHelper.invokeMethod(MethodInvocationHelper.java:133)
at org.testng.internal.TestInvoker.invokeMethod(TestInvoker.java:598)
at org.testng.internal.TestInvoker.invokeTestMethod(TestInvoker.java:173)
at org.testng.internal.MethodRunner.runInSequence(MethodRunner.java:46)
at org.testng.internal.TestInvoker$MethodInvocationAgent.invoke(TestInvoker.java:824)
at org.testng.internal.TestInvoker.invokeTestMethods(TestInvoker.java:146)
at org.testng.internal.TestMethodWorker.invokeTestMethods(TestMethodWorker.java:146)
at org.testng.internal.TestMethodWorker.run(TestMethodWorker.java:128)
at java.base/java.util.ArrayList.forEach(ArrayList.java:1597)
at org.testng.TestRunner.privateRun(TestRunner.java:794)
at org.testng.TestRunner.run(TestRunner.java:596)
at org.testng.SuiteRunner.runTest(SuiteRunner.java:377)
at org.testng.SuiteRunner.runSequentially(SuiteRunner.java:371)
at org.testng.SuiteRunner.privateRun(SuiteRunner.java:332)
at org.testng.SuiteRunner.run(SuiteRunner.java:276)
at org.testng.SuiteRunnerWorker.runSuite(SuiteRunnerWorker.java:53)
at org.testng.SuiteRunnerWorker.run(SuiteRunnerWorker.java:96)
at org.testng.TestNG.runSuitesSequentially(TestNG.java:1212)
at org.testng.TestNG.runSuitesLocally(TestNG.java:1134)
at org.testng.TestNG.runSuites(TestNG.java:1063)
at org.testng.TestNG.run(TestNG.java:1031)
at org.testng.remote.AbstractRemoteTestNG.run(AbstractRemoteTestNG.java:115)
at org.testng.remote.RemoteTestNG.initAndRun(RemoteTestNG.java:293)
at org.testng.remote.RemoteTestNG.main(RemoteTestNG.java:91)
]]>
            </full-stacktrace>
          </exception> <!-- org.openqa.selenium.NoSuchElementException -->
          <reporter-output>
          </reporter-output>
        </test-method> <!-- contactDisplatTest -->
        <test-method is-config="true" signature="closeBrowser()[pri:0, instance:test.TC_004_ContactDisplayPageTest@489115ef]" started-at="2024-12-20T19:23:08 IST" name="closeBrowser" finished-at="2024-12-20T19:23:08 IST" duration-ms="246" status="PASS">
          <reporter-output>
          </reporter-output>
        </test-method> <!-- closeBrowser -->
      </class> <!-- test.TC_004_ContactDisplayPageTest -->
      <class name="test.TC_007_LogoutPageTest">
        <test-method is-config="true" signature="data()[pri:0, instance:test.TC_007_LogoutPageTest@79079097]" started-at="2024-12-20T19:19:52 IST" name="data" finished-at="2024-12-20T19:19:52 IST" duration-ms="0" status="PASS">
          <reporter-output>
          </reporter-output>
        </test-method> <!-- data -->
        <test-method is-config="true" signature="testDataDetails()[pri:0, instance:test.TC_007_LogoutPageTest@79079097]" started-at="2024-12-20T19:24:05 IST" name="testDataDetails" finished-at="2024-12-20T19:24:05 IST" duration-ms="1" status="PASS">
          <reporter-output>
          </reporter-output>
        </test-method> <!-- testDataDetails -->
        <test-method is-config="true" signature="details()[pri:0, instance:test.TC_007_LogoutPageTest@79079097]" started-at="2024-12-20T19:24:05 IST" name="details" finished-at="2024-12-20T19:24:05 IST" duration-ms="0" status="PASS">
          <reporter-output>
          </reporter-output>
        </test-method> <!-- details -->
        <test-method is-config="true" signature="launchBrowserAndURL(java.lang.String)[pri:0, instance:test.TC_007_LogoutPageTest@79079097]" started-at="2024-12-20T19:24:05 IST" name="launchBrowserAndURL" finished-at="2024-12-20T19:24:14 IST" duration-ms="8879" status="PASS">
          <params>
            <param index="0">
              <value>
                <![CDATA[chrome]]>
              </value>
            </param>
          </params>
          <reporter-output>
          </reporter-output>
        </test-method> <!-- launchBrowserAndURL -->
        <test-method signature="finalLogoutTest(java.lang.String,java.lang.String)[pri:0, instance:test.TC_007_LogoutPageTest@79079097]" started-at="2024-12-20T19:24:14 IST" name="finalLogoutTest" data-provider="excelRead" finished-at="2024-12-20T19:24:42 IST" duration-ms="28127" status="PASS">
          <params>
            <param index="0">
              <value>
                <![CDATA[logutest131997@gmail.com]]>
              </value>
            </param>
            <param index="1">
              <value>
                <![CDATA[12345678]]>
              </value>
            </param>
          </params>
          <reporter-output>
          </reporter-output>
        </test-method> <!-- finalLogoutTest -->
        <test-method is-config="true" signature="closeBrowser()[pri:0, instance:test.TC_007_LogoutPageTest@79079097]" started-at="2024-12-20T19:24:42 IST" name="closeBrowser" finished-at="2024-12-20T19:24:42 IST" duration-ms="249" status="PASS">
          <reporter-output>
          </reporter-output>
        </test-method> <!-- closeBrowser -->
      </class> <!-- test.TC_007_LogoutPageTest -->
      <class name="test.TC_006_ContactDeletePageTest">
        <test-method is-config="true" signature="data()[pri:0, instance:test.TC_006_ContactDeletePageTest@3c9754d8]" started-at="2024-12-20T19:19:52 IST" name="data" finished-at="2024-12-20T19:19:52 IST" duration-ms="0" status="PASS">
          <reporter-output>
          </reporter-output>
        </test-method> <!-- data -->
        <test-method is-config="true" signature="testDataDetails()[pri:0, instance:test.TC_006_ContactDeletePageTest@3c9754d8]" started-at="2024-12-20T19:23:41 IST" name="testDataDetails" finished-at="2024-12-20T19:23:41 IST" duration-ms="1" status="PASS">
          <reporter-output>
          </reporter-output>
        </test-method> <!-- testDataDetails -->
        <test-method is-config="true" signature="details()[pri:0, instance:test.TC_006_ContactDeletePageTest@3c9754d8]" started-at="2024-12-20T19:23:41 IST" name="details" finished-at="2024-12-20T19:23:41 IST" duration-ms="1" status="PASS">
          <reporter-output>
          </reporter-output>
        </test-method> <!-- details -->
        <test-method is-config="true" signature="launchBrowserAndURL(java.lang.String)[pri:0, instance:test.TC_006_ContactDeletePageTest@3c9754d8]" started-at="2024-12-20T19:23:41 IST" name="launchBrowserAndURL" finished-at="2024-12-20T19:23:49 IST" duration-ms="7929" status="PASS">
          <params>
            <param index="0">
              <value>
                <![CDATA[chrome]]>
              </value>
            </param>
          </params>
          <reporter-output>
          </reporter-output>
        </test-method> <!-- launchBrowserAndURL -->
        <test-method signature="contactDeletingTest(java.lang.String,java.lang.String)[pri:0, instance:test.TC_006_ContactDeletePageTest@3c9754d8]" started-at="2024-12-20T19:23:49 IST" name="contactDeletingTest" data-provider="excelRead" finished-at="2024-12-20T19:24:04 IST" duration-ms="15619" status="PASS">
          <params>
            <param index="0">
              <value>
                <![CDATA[logutest131997@gmail.com]]>
              </value>
            </param>
            <param index="1">
              <value>
                <![CDATA[12345678]]>
              </value>
            </param>
          </params>
          <reporter-output>
          </reporter-output>
        </test-method> <!-- contactDeletingTest -->
        <test-method is-config="true" signature="closeBrowser()[pri:0, instance:test.TC_006_ContactDeletePageTest@3c9754d8]" started-at="2024-12-20T19:24:04 IST" name="closeBrowser" finished-at="2024-12-20T19:24:05 IST" duration-ms="220" status="PASS">
          <reporter-output>
          </reporter-output>
        </test-method> <!-- closeBrowser -->
      </class> <!-- test.TC_006_ContactDeletePageTest -->
      <class name="test.TC_003_ContactPageTest">
        <test-method is-config="true" signature="data()[pri:0, instance:test.TC_003_ContactPageTest@1a677343]" started-at="2024-12-20T19:19:52 IST" name="data" finished-at="2024-12-20T19:19:52 IST" duration-ms="1" status="PASS">
          <reporter-output>
          </reporter-output>
        </test-method> <!-- data -->
        <test-method is-config="true" signature="testDataDetails()[pri:0, instance:test.TC_003_ContactPageTest@1a677343]" started-at="2024-12-20T19:20:33 IST" name="testDataDetails" finished-at="2024-12-20T19:20:33 IST" duration-ms="1" status="PASS">
          <reporter-output>
          </reporter-output>
        </test-method> <!-- testDataDetails -->
        <test-method is-config="true" signature="tdetails()[pri:0, instance:test.TC_003_ContactPageTest@1a677343]" started-at="2024-12-20T19:20:33 IST" name="tdetails" finished-at="2024-12-20T19:20:33 IST" duration-ms="0" status="PASS">
          <reporter-output>
          </reporter-output>
        </test-method> <!-- tdetails -->
        <test-method is-config="true" signature="launchBrowserAndURL(java.lang.String)[pri:0, instance:test.TC_003_ContactPageTest@1a677343]" started-at="2024-12-20T19:20:33 IST" name="launchBrowserAndURL" finished-at="2024-12-20T19:20:42 IST" duration-ms="8561" status="PASS">
          <params>
            <param index="0">
              <value>
                <![CDATA[chrome]]>
              </value>
            </param>
          </params>
          <reporter-output>
          </reporter-output>
        </test-method> <!-- launchBrowserAndURL -->
        <test-method signature="contactAddtionTest(java.lang.String,java.lang.String,java.lang.String,java.lang.String,java.lang.String,java.lang.String,java.lang.String,java.lang.String,java.lang.String,java.lang.String,java.lang.String,java.lang.String,java.lang.String)[pri:0, instance:test.TC_003_ContactPageTest@1a677343]" started-at="2024-12-20T19:20:42 IST" name="contactAddtionTest" data-provider="excelRead" finished-at="2024-12-20T19:20:54 IST" duration-ms="12512" status="PASS">
          <params>
            <param index="0">
              <value>
                <![CDATA[logutest131997@gmail.com]]>
              </value>
            </param>
            <param index="1">
              <value>
                <![CDATA[12345678]]>
              </value>
            </param>
            <param index="2">
              <value>
                <![CDATA[John]]>
              </value>
            </param>
            <param index="3">
              <value>
                <![CDATA[Doe]]>
              </value>
            </param>
            <param index="4">
              <value>
                <![CDATA[1990-01-01]]>
              </value>
            </param>
            <param index="5">
              <value>
                <![CDATA[jdoe@fake.com]]>
              </value>
            </param>
            <param index="6">
              <value>
                <![CDATA[8005555555]]>
              </value>
            </param>
            <param index="7">
              <value>
                <![CDATA[1 Main St.]]>
              </value>
            </param>
            <param index="8">
              <value>
                <![CDATA[Apartment A]]>
              </value>
            </param>
            <param index="9">
              <value>
                <![CDATA[Anytown]]>
              </value>
            </param>
            <param index="10">
              <value>
                <![CDATA[KS]]>
              </value>
            </param>
            <param index="11">
              <value>
                <![CDATA[12345]]>
              </value>
            </param>
            <param index="12">
              <value>
                <![CDATA[USA]]>
              </value>
            </param>
          </params>
          <reporter-output>
          </reporter-output>
        </test-method> <!-- contactAddtionTest -->
        <test-method is-config="true" signature="closeBrowser()[pri:0, instance:test.TC_003_ContactPageTest@1a677343]" started-at="2024-12-20T19:20:54 IST" name="closeBrowser" finished-at="2024-12-20T19:20:54 IST" duration-ms="177" status="PASS">
          <reporter-output>
          </reporter-output>
        </test-method> <!-- closeBrowser -->
        <test-method is-config="true" signature="launchBrowserAndURL(java.lang.String)[pri:0, instance:test.TC_003_ContactPageTest@1a677343]" started-at="2024-12-20T19:20:54 IST" name="launchBrowserAndURL" finished-at="2024-12-20T19:21:03 IST" duration-ms="8855" status="PASS">
          <params>
            <param index="0">
              <value>
                <![CDATA[chrome]]>
              </value>
            </param>
          </params>
          <reporter-output>
          </reporter-output>
        </test-method> <!-- launchBrowserAndURL -->
        <test-method signature="contactAddtionTest(java.lang.String,java.lang.String,java.lang.String,java.lang.String,java.lang.String,java.lang.String,java.lang.String,java.lang.String,java.lang.String,java.lang.String,java.lang.String,java.lang.String,java.lang.String)[pri:0, instance:test.TC_003_ContactPageTest@1a677343]" started-at="2024-12-20T19:21:03 IST" name="contactAddtionTest" data-provider="excelRead" finished-at="2024-12-20T19:21:17 IST" duration-ms="13436" status="PASS">
          <params>
            <param index="0">
              <value>
                <![CDATA[logutest131997@gmail.com]]>
              </value>
            </param>
            <param index="1">
              <value>
                <![CDATA[12345678]]>
              </value>
            </param>
            <param index="2">
              <value>
                <![CDATA[Amy]]>
              </value>
            </param>
            <param index="3">
              <value>
                <![CDATA[Miller]]>
              </value>
            </param>
            <param index="4">
              <value>
                <![CDATA[1990-10-25]]>
              </value>
            </param>
            <param index="5">
              <value>
                <![CDATA[amiller@fake.com]]>
              </value>
            </param>
            <param index="6">
              <value>
                <![CDATA[8005554242]]>
              </value>
            </param>
            <param index="7">
              <value>
                <![CDATA[13 School St.]]>
              </value>
            </param>
            <param index="8">
              <value>
                <![CDATA[Apt. 5]]>
              </value>
            </param>
            <param index="9">
              <value>
                <![CDATA[Washington]]>
              </value>
            </param>
            <param index="10">
              <value>
                <![CDATA[QC]]>
              </value>
            </param>
            <param index="11">
              <value>
                <![CDATA[1234]]>
              </value>
            </param>
            <param index="12">
              <value>
                <![CDATA[Canada]]>
              </value>
            </param>
          </params>
          <reporter-output>
          </reporter-output>
        </test-method> <!-- contactAddtionTest -->
        <test-method is-config="true" signature="closeBrowser()[pri:0, instance:test.TC_003_ContactPageTest@1a677343]" started-at="2024-12-20T19:21:17 IST" name="closeBrowser" finished-at="2024-12-20T19:21:17 IST" duration-ms="424" status="PASS">
          <reporter-output>
          </reporter-output>
        </test-method> <!-- closeBrowser -->
        <test-method is-config="true" signature="launchBrowserAndURL(java.lang.String)[pri:0, instance:test.TC_003_ContactPageTest@1a677343]" started-at="2024-12-20T19:21:17 IST" name="launchBrowserAndURL" finished-at="2024-12-20T19:21:25 IST" duration-ms="7617" status="PASS">
          <params>
            <param index="0">
              <value>
                <![CDATA[chrome]]>
              </value>
            </param>
          </params>
          <reporter-output>
          </reporter-output>
        </test-method> <!-- launchBrowserAndURL -->
        <test-method signature="contactAddtionTest(java.lang.String,java.lang.String,java.lang.String,java.lang.String,java.lang.String,java.lang.String,java.lang.String,java.lang.String,java.lang.String,java.lang.String,java.lang.String,java.lang.String,java.lang.String)[pri:0, instance:test.TC_003_ContactPageTest@1a677343]" started-at="2024-12-20T19:21:25 IST" name="contactAddtionTest" data-provider="excelRead" finished-at="2024-12-20T19:21:36 IST" duration-ms="11892" status="PASS">
          <params>
            <param index="0">
              <value>
                <![CDATA[logutest131997@gmail.com]]>
              </value>
            </param>
            <param index="1">
              <value>
                <![CDATA[12345678]]>
              </value>
            </param>
            <param index="2">
              <value>
                <![CDATA[Amy]]>
              </value>
            </param>
            <param index="3">
              <value>
                <![CDATA[Miller]]>
              </value>
            </param>
            <param index="4">
              <value>
                <![CDATA[1994-02-05]]>
              </value>
            </param>
            <param index="5">
              <value>
                <![CDATA[amiller@fake.com]]>
              </value>
            </param>
            <param index="6">
              <value>
                <![CDATA[8005554242]]>
              </value>
            </param>
            <param index="7">
              <value>
                <![CDATA[13 School St.]]>
              </value>
            </param>
            <param index="8">
              <value>
                <![CDATA[Apt. 5]]>
              </value>
            </param>
            <param index="9">
              <value>
                <![CDATA[Washington]]>
              </value>
            </param>
            <param index="10">
              <value>
                <![CDATA[QC]]>
              </value>
            </param>
            <param index="11">
              <value>
                <![CDATA[1234]]>
              </value>
            </param>
            <param index="12">
              <value>
                <![CDATA[Canada]]>
              </value>
            </param>
          </params>
          <reporter-output>
          </reporter-output>
        </test-method> <!-- contactAddtionTest -->
        <test-method is-config="true" signature="closeBrowser()[pri:0, instance:test.TC_003_ContactPageTest@1a677343]" started-at="2024-12-20T19:21:36 IST" name="closeBrowser" finished-at="2024-12-20T19:21:37 IST" duration-ms="317" status="PASS">
          <reporter-output>
          </reporter-output>
        </test-method> <!-- closeBrowser -->
        <test-method is-config="true" signature="launchBrowserAndURL(java.lang.String)[pri:0, instance:test.TC_003_ContactPageTest@1a677343]" started-at="2024-12-20T19:21:37 IST" name="launchBrowserAndURL" finished-at="2024-12-20T19:21:45 IST" duration-ms="8541" status="PASS">
          <params>
            <param index="0">
              <value>
                <![CDATA[chrome]]>
              </value>
            </param>
          </params>
          <reporter-output>
          </reporter-output>
        </test-method> <!-- launchBrowserAndURL -->
        <test-method signature="contactAddtionTest(java.lang.String,java.lang.String,java.lang.String,java.lang.String,java.lang.String,java.lang.String,java.lang.String,java.lang.String,java.lang.String,java.lang.String,java.lang.String,java.lang.String,java.lang.String)[pri:0, instance:test.TC_003_ContactPageTest@1a677343]" started-at="2024-12-20T19:21:45 IST" name="contactAddtionTest" data-provider="excelRead" finished-at="2024-12-20T19:22:03 IST" duration-ms="17246" status="FAIL">
          <params>
            <param index="0">
              <value>
                <![CDATA[logutest131997@gmail.com]]>
              </value>
            </param>
            <param index="1">
              <value>
                <![CDATA[12345678]]>
              </value>
            </param>
            <param index="2">
              <value>
                <![CDATA[]]>
              </value>
            </param>
            <param index="3">
              <value>
                <![CDATA[]]>
              </value>
            </param>
            <param index="4">
              <value>
                <![CDATA[01-01-1970]]>
              </value>
            </param>
            <param index="5">
              <value>
                <![CDATA[jdoe@fake.com]]>
              </value>
            </param>
            <param index="6">
              <value>
                <![CDATA[8005555555]]>
              </value>
            </param>
            <param index="7">
              <value>
                <![CDATA[1 Main St.]]>
              </value>
            </param>
            <param index="8">
              <value>
                <![CDATA[Apartment A]]>
              </value>
            </param>
            <param index="9">
              <value>
                <![CDATA[Anytown]]>
              </value>
            </param>
            <param index="10">
              <value>
                <![CDATA[KS]]>
              </value>
            </param>
            <param index="11">
              <value>
                <![CDATA[12345]]>
              </value>
            </param>
            <param index="12">
              <value>
                <![CDATA[USA]]>
              </value>
            </param>
          </params>
          <exception class="org.openqa.selenium.NoSuchElementException">
            <message>
              <![CDATA[no such element: Unable to locate element: {"method":"xpath","selector":"//button[contains(text(),'Add a New Contact')]"}
  (Session info: chrome=131.0.6778.205)
For documentation on this error, please visit: https://www.selenium.dev/documentation/webdriver/troubleshooting/errors#no-such-element-exception
Build info: version: '4.25.0', revision: '8a8aea2337'
System info: os.name: 'Windows 11', os.arch: 'amd64', os.version: '10.0', java.version: '23'
Driver info: org.openqa.selenium.chrome.ChromeDriver
Command: [15e121045ec88bb5bcb8464d43f83e4d, findElement {value=//button[contains(text(),'Add a New Contact')], using=xpath}]
Capabilities {acceptInsecureCerts: false, browserName: chrome, browserVersion: 131.0.6778.205, chrome: {chromedriverVersion: 131.0.6778.204 (52183f9e99a..., userDataDir: C:\Users\Asus\AppData\Local...}, fedcm:accounts: true, goog:chromeOptions: {debuggerAddress: localhost:50654}, networkConnectionEnabled: false, pageLoadStrategy: normal, platformName: windows, proxy: Proxy(), se:cdp: ws://localhost:50654/devtoo..., se:cdpVersion: 131.0.6778.205, setWindowRect: true, strictFileInteractability: false, timeouts: {implicit: 0, pageLoad: 300000, script: 30000}, unhandledPromptBehavior: dismiss and notify, webauthn:extension:credBlob: true, webauthn:extension:largeBlob: true, webauthn:extension:minPinLength: true, webauthn:extension:prf: true, webauthn:virtualAuthenticators: true}
Session ID: 15e121045ec88bb5bcb8464d43f83e4d]]>
            </message>
            <full-stacktrace>
              <![CDATA[org.openqa.selenium.NoSuchElementException: no such element: Unable to locate element: {"method":"xpath","selector":"//button[contains(text(),'Add a New Contact')]"}
  (Session info: chrome=131.0.6778.205)
For documentation on this error, please visit: https://www.selenium.dev/documentation/webdriver/troubleshooting/errors#no-such-element-exception
Build info: version: '4.25.0', revision: '8a8aea2337'
System info: os.name: 'Windows 11', os.arch: 'amd64', os.version: '10.0', java.version: '23'
Driver info: org.openqa.selenium.chrome.ChromeDriver
Command: [15e121045ec88bb5bcb8464d43f83e4d, findElement {value=//button[contains(text(),'Add a New Contact')], using=xpath}]
Capabilities {acceptInsecureCerts: false, browserName: chrome, browserVersion: 131.0.6778.205, chrome: {chromedriverVersion: 131.0.6778.204 (52183f9e99a..., userDataDir: C:\Users\Asus\AppData\Local...}, fedcm:accounts: true, goog:chromeOptions: {debuggerAddress: localhost:50654}, networkConnectionEnabled: false, pageLoadStrategy: normal, platformName: windows, proxy: Proxy(), se:cdp: ws://localhost:50654/devtoo..., se:cdpVersion: 131.0.6778.205, setWindowRect: true, strictFileInteractability: false, timeouts: {implicit: 0, pageLoad: 300000, script: 30000}, unhandledPromptBehavior: dismiss and notify, webauthn:extension:credBlob: true, webauthn:extension:largeBlob: true, webauthn:extension:minPinLength: true, webauthn:extension:prf: true, webauthn:virtualAuthenticators: true}
Session ID: 15e121045ec88bb5bcb8464d43f83e4d
at java.base/jdk.internal.reflect.DirectConstructorHandleAccessor.newInstance(DirectConstructorHandleAccessor.java:62)
at java.base/java.lang.reflect.Constructor.newInstanceWithCaller(Constructor.java:501)
at java.base/java.lang.reflect.Constructor.newInstance(Constructor.java:485)
at org.openqa.selenium.remote.ErrorCodec.decode(ErrorCodec.java:167)
at org.openqa.selenium.remote.codec.w3c.W3CHttpResponseCodec.decode(W3CHttpResponseCodec.java:138)
at org.openqa.selenium.remote.codec.w3c.W3CHttpResponseCodec.decode(W3CHttpResponseCodec.java:50)
at org.openqa.selenium.remote.HttpCommandExecutor.execute(HttpCommandExecutor.java:190)
at org.openqa.selenium.remote.service.DriverCommandExecutor.invokeExecute(DriverCommandExecutor.java:216)
at org.openqa.selenium.remote.service.DriverCommandExecutor.execute(DriverCommandExecutor.java:174)
at org.openqa.selenium.remote.RemoteWebDriver.execute(RemoteWebDriver.java:545)
at org.openqa.selenium.remote.ElementLocation$ElementFinder$2.findElement(ElementLocation.java:165)
at org.openqa.selenium.remote.ElementLocation.findElement(ElementLocation.java:59)
at org.openqa.selenium.remote.RemoteWebDriver.findElement(RemoteWebDriver.java:368)
at org.openqa.selenium.remote.RemoteWebDriver.findElement(RemoteWebDriver.java:362)
at pages.ContactPage.contactAddSubmitButton(ContactPage.java:124)
at test.TC_003_ContactPageTest.contactAddtionTest(TC_003_ContactPageTest.java:47)
at java.base/jdk.internal.reflect.DirectMethodHandleAccessor.invoke(DirectMethodHandleAccessor.java:103)
at java.base/java.lang.reflect.Method.invoke(Method.java:580)
at org.testng.internal.MethodInvocationHelper.invokeMethod(MethodInvocationHelper.java:133)
at org.testng.internal.TestInvoker.invokeMethod(TestInvoker.java:598)
at org.testng.internal.TestInvoker.invokeTestMethod(TestInvoker.java:173)
at org.testng.internal.MethodRunner.runInSequence(MethodRunner.java:46)
at org.testng.internal.TestInvoker$MethodInvocationAgent.invoke(TestInvoker.java:824)
at org.testng.internal.TestInvoker.invokeTestMethods(TestInvoker.java:146)
at org.testng.internal.TestMethodWorker.invokeTestMethods(TestMethodWorker.java:146)
at org.testng.internal.TestMethodWorker.run(TestMethodWorker.java:128)
at java.base/java.util.ArrayList.forEach(ArrayList.java:1597)
at org.testng.TestRunner.privateRun(TestRunner.java:794)
at org.testng.TestRunner.run(TestRunner.java:596)
at org.testng.SuiteRunner.runTest(SuiteRunner.java:377)
at org.testng.SuiteRunner.runSequentially(SuiteRunner.java:371)
at org.testng.SuiteRunner.privateRun(SuiteRunner.java:332)
at org.testng.SuiteRunner.run(SuiteRunner.java:276)
at org.testng.SuiteRunnerWorker.runSuite(SuiteRunnerWorker.java:53)
at org.testng.SuiteRunnerWorker.run(SuiteRunnerWorker.java:96)
at org.testng.TestNG.runSuitesSequentially(TestNG.java:1212)
at org.testng.TestNG.runSuitesLocally(TestNG.java:1134)
at org.testng.TestNG.runSuites(TestNG.java:1063)
at org.testng.TestNG.run(TestNG.java:1031)
at org.testng.remote.AbstractRemoteTestNG.run(AbstractRemoteTestNG.java:115)
at org.testng.remote.RemoteTestNG.initAndRun(RemoteTestNG.java:293)
at org.testng.remote.RemoteTestNG.main(RemoteTestNG.java:91)
]]>
            </full-stacktrace>
          </exception> <!-- org.openqa.selenium.NoSuchElementException -->
          <reporter-output>
          </reporter-output>
        </test-method> <!-- contactAddtionTest -->
        <test-method is-config="true" signature="closeBrowser()[pri:0, instance:test.TC_003_ContactPageTest@1a677343]" started-at="2024-12-20T19:22:03 IST" name="closeBrowser" finished-at="2024-12-20T19:22:03 IST" duration-ms="266" status="PASS">
          <reporter-output>
          </reporter-output>
        </test-method> <!-- closeBrowser -->
        <test-method is-config="true" signature="launchBrowserAndURL(java.lang.String)[pri:0, instance:test.TC_003_ContactPageTest@1a677343]" started-at="2024-12-20T19:22:03 IST" name="launchBrowserAndURL" finished-at="2024-12-20T19:22:15 IST" duration-ms="11618" status="PASS">
          <params>
            <param index="0">
              <value>
                <![CDATA[chrome]]>
              </value>
            </param>
          </params>
          <reporter-output>
          </reporter-output>
        </test-method> <!-- launchBrowserAndURL -->
        <test-method signature="contactAddtionTest(java.lang.String,java.lang.String,java.lang.String,java.lang.String,java.lang.String,java.lang.String,java.lang.String,java.lang.String,java.lang.String,java.lang.String,java.lang.String,java.lang.String,java.lang.String)[pri:0, instance:test.TC_003_ContactPageTest@1a677343]" started-at="2024-12-20T19:22:15 IST" name="contactAddtionTest" data-provider="excelRead" finished-at="2024-12-20T19:22:32 IST" duration-ms="17555" status="FAIL">
          <params>
            <param index="0">
              <value>
                <![CDATA[logutest131997@gmail.com]]>
              </value>
            </param>
            <param index="1">
              <value>
                <![CDATA[12345678]]>
              </value>
            </param>
            <param index="2">
              <value>
                <![CDATA[John]]>
              </value>
            </param>
            <param index="3">
              <value>
                <![CDATA[Doe]]>
              </value>
            </param>
            <param index="4">
              <value>
                <![CDATA[03-05-1980]]>
              </value>
            </param>
            <param index="5">
              <value>
                <![CDATA[jdoe@fake.com]]>
              </value>
            </param>
            <param index="6">
              <value>
                <![CDATA[8005555555]]>
              </value>
            </param>
            <param index="7">
              <value>
                <![CDATA[1 Main St.]]>
              </value>
            </param>
            <param index="8">
              <value>
                <![CDATA[Apartment A]]>
              </value>
            </param>
            <param index="9">
              <value>
                <![CDATA[Anytown]]>
              </value>
            </param>
            <param index="10">
              <value>
                <![CDATA[KS]]>
              </value>
            </param>
            <param index="11">
              <value>
                <![CDATA[12345]]>
              </value>
            </param>
            <param index="12">
              <value>
                <![CDATA[USA]]>
              </value>
            </param>
          </params>
          <exception class="org.openqa.selenium.NoSuchElementException">
            <message>
              <![CDATA[no such element: Unable to locate element: {"method":"xpath","selector":"//button[contains(text(),'Add a New Contact')]"}
  (Session info: chrome=131.0.6778.205)
For documentation on this error, please visit: https://www.selenium.dev/documentation/webdriver/troubleshooting/errors#no-such-element-exception
Build info: version: '4.25.0', revision: '8a8aea2337'
System info: os.name: 'Windows 11', os.arch: 'amd64', os.version: '10.0', java.version: '23'
Driver info: org.openqa.selenium.chrome.ChromeDriver
Command: [72bcf403ab99454d793c57349ef66c46, findElement {value=//button[contains(text(),'Add a New Contact')], using=xpath}]
Capabilities {acceptInsecureCerts: false, browserName: chrome, browserVersion: 131.0.6778.205, chrome: {chromedriverVersion: 131.0.6778.204 (52183f9e99a..., userDataDir: C:\Users\Asus\AppData\Local...}, fedcm:accounts: true, goog:chromeOptions: {debuggerAddress: localhost:50675}, networkConnectionEnabled: false, pageLoadStrategy: normal, platformName: windows, proxy: Proxy(), se:cdp: ws://localhost:50675/devtoo..., se:cdpVersion: 131.0.6778.205, setWindowRect: true, strictFileInteractability: false, timeouts: {implicit: 0, pageLoad: 300000, script: 30000}, unhandledPromptBehavior: dismiss and notify, webauthn:extension:credBlob: true, webauthn:extension:largeBlob: true, webauthn:extension:minPinLength: true, webauthn:extension:prf: true, webauthn:virtualAuthenticators: true}
Session ID: 72bcf403ab99454d793c57349ef66c46]]>
            </message>
            <full-stacktrace>
              <![CDATA[org.openqa.selenium.NoSuchElementException: no such element: Unable to locate element: {"method":"xpath","selector":"//button[contains(text(),'Add a New Contact')]"}
  (Session info: chrome=131.0.6778.205)
For documentation on this error, please visit: https://www.selenium.dev/documentation/webdriver/troubleshooting/errors#no-such-element-exception
Build info: version: '4.25.0', revision: '8a8aea2337'
System info: os.name: 'Windows 11', os.arch: 'amd64', os.version: '10.0', java.version: '23'
Driver info: org.openqa.selenium.chrome.ChromeDriver
Command: [72bcf403ab99454d793c57349ef66c46, findElement {value=//button[contains(text(),'Add a New Contact')], using=xpath}]
Capabilities {acceptInsecureCerts: false, browserName: chrome, browserVersion: 131.0.6778.205, chrome: {chromedriverVersion: 131.0.6778.204 (52183f9e99a..., userDataDir: C:\Users\Asus\AppData\Local...}, fedcm:accounts: true, goog:chromeOptions: {debuggerAddress: localhost:50675}, networkConnectionEnabled: false, pageLoadStrategy: normal, platformName: windows, proxy: Proxy(), se:cdp: ws://localhost:50675/devtoo..., se:cdpVersion: 131.0.6778.205, setWindowRect: true, strictFileInteractability: false, timeouts: {implicit: 0, pageLoad: 300000, script: 30000}, unhandledPromptBehavior: dismiss and notify, webauthn:extension:credBlob: true, webauthn:extension:largeBlob: true, webauthn:extension:minPinLength: true, webauthn:extension:prf: true, webauthn:virtualAuthenticators: true}
Session ID: 72bcf403ab99454d793c57349ef66c46
at java.base/jdk.internal.reflect.DirectConstructorHandleAccessor.newInstance(DirectConstructorHandleAccessor.java:62)
at java.base/java.lang.reflect.Constructor.newInstanceWithCaller(Constructor.java:501)
at java.base/java.lang.reflect.Constructor.newInstance(Constructor.java:485)
at org.openqa.selenium.remote.ErrorCodec.decode(ErrorCodec.java:167)
at org.openqa.selenium.remote.codec.w3c.W3CHttpResponseCodec.decode(W3CHttpResponseCodec.java:138)
at org.openqa.selenium.remote.codec.w3c.W3CHttpResponseCodec.decode(W3CHttpResponseCodec.java:50)
at org.openqa.selenium.remote.HttpCommandExecutor.execute(HttpCommandExecutor.java:190)
at org.openqa.selenium.remote.service.DriverCommandExecutor.invokeExecute(DriverCommandExecutor.java:216)
at org.openqa.selenium.remote.service.DriverCommandExecutor.execute(DriverCommandExecutor.java:174)
at org.openqa.selenium.remote.RemoteWebDriver.execute(RemoteWebDriver.java:545)
at org.openqa.selenium.remote.ElementLocation$ElementFinder$2.findElement(ElementLocation.java:165)
at org.openqa.selenium.remote.ElementLocation.findElement(ElementLocation.java:59)
at org.openqa.selenium.remote.RemoteWebDriver.findElement(RemoteWebDriver.java:368)
at org.openqa.selenium.remote.RemoteWebDriver.findElement(RemoteWebDriver.java:362)
at pages.ContactPage.contactAddSubmitButton(ContactPage.java:124)
at test.TC_003_ContactPageTest.contactAddtionTest(TC_003_ContactPageTest.java:47)
at java.base/jdk.internal.reflect.DirectMethodHandleAccessor.invoke(DirectMethodHandleAccessor.java:103)
at java.base/java.lang.reflect.Method.invoke(Method.java:580)
at org.testng.internal.MethodInvocationHelper.invokeMethod(MethodInvocationHelper.java:133)
at org.testng.internal.TestInvoker.invokeMethod(TestInvoker.java:598)
at org.testng.internal.TestInvoker.invokeTestMethod(TestInvoker.java:173)
at org.testng.internal.MethodRunner.runInSequence(MethodRunner.java:46)
at org.testng.internal.TestInvoker$MethodInvocationAgent.invoke(TestInvoker.java:824)
at org.testng.internal.TestInvoker.invokeTestMethods(TestInvoker.java:146)
at org.testng.internal.TestMethodWorker.invokeTestMethods(TestMethodWorker.java:146)
at org.testng.internal.TestMethodWorker.run(TestMethodWorker.java:128)
at java.base/java.util.ArrayList.forEach(ArrayList.java:1597)
at org.testng.TestRunner.privateRun(TestRunner.java:794)
at org.testng.TestRunner.run(TestRunner.java:596)
at org.testng.SuiteRunner.runTest(SuiteRunner.java:377)
at org.testng.SuiteRunner.runSequentially(SuiteRunner.java:371)
at org.testng.SuiteRunner.privateRun(SuiteRunner.java:332)
at org.testng.SuiteRunner.run(SuiteRunner.java:276)
at org.testng.SuiteRunnerWorker.runSuite(SuiteRunnerWorker.java:53)
at org.testng.SuiteRunnerWorker.run(SuiteRunnerWorker.java:96)
at org.testng.TestNG.runSuitesSequentially(TestNG.java:1212)
at org.testng.TestNG.runSuitesLocally(TestNG.java:1134)
at org.testng.TestNG.runSuites(TestNG.java:1063)
at org.testng.TestNG.run(TestNG.java:1031)
at org.testng.remote.AbstractRemoteTestNG.run(AbstractRemoteTestNG.java:115)
at org.testng.remote.RemoteTestNG.initAndRun(RemoteTestNG.java:293)
at org.testng.remote.RemoteTestNG.main(RemoteTestNG.java:91)
]]>
            </full-stacktrace>
          </exception> <!-- org.openqa.selenium.NoSuchElementException -->
          <reporter-output>
          </reporter-output>
        </test-method> <!-- contactAddtionTest -->
        <test-method is-config="true" signature="closeBrowser()[pri:0, instance:test.TC_003_ContactPageTest@1a677343]" started-at="2024-12-20T19:22:32 IST" name="closeBrowser" finished-at="2024-12-20T19:22:32 IST" duration-ms="165" status="PASS">
          <reporter-output>
          </reporter-output>
        </test-method> <!-- closeBrowser -->
        <test-method is-config="true" signature="launchBrowserAndURL(java.lang.String)[pri:0, instance:test.TC_003_ContactPageTest@1a677343]" started-at="2024-12-20T19:22:32 IST" name="launchBrowserAndURL" finished-at="2024-12-20T19:22:40 IST" duration-ms="7109" status="PASS">
          <params>
            <param index="0">
              <value>
                <![CDATA[chrome]]>
              </value>
            </param>
          </params>
          <reporter-output>
          </reporter-output>
        </test-method> <!-- launchBrowserAndURL -->
        <test-method signature="contactAddtionTest(java.lang.String,java.lang.String,java.lang.String,java.lang.String,java.lang.String,java.lang.String,java.lang.String,java.lang.String,java.lang.String,java.lang.String,java.lang.String,java.lang.String,java.lang.String)[pri:0, instance:test.TC_003_ContactPageTest@1a677343]" started-at="2024-12-20T19:22:40 IST" name="contactAddtionTest" data-provider="excelRead" finished-at="2024-12-20T19:22:51 IST" duration-ms="11866" status="PASS">
          <params>
            <param index="0">
              <value>
                <![CDATA[logutest131997@gmail.com]]>
              </value>
            </param>
            <param index="1">
              <value>
                <![CDATA[12345678]]>
              </value>
            </param>
            <param index="2">
              <value>
                <![CDATA[John]]>
              </value>
            </param>
            <param index="3">
              <value>
                <![CDATA[Doe]]>
              </value>
            </param>
            <param index="4">
              <value>
                <![CDATA[1990-01-01]]>
              </value>
            </param>
            <param index="5">
              <value>
                <![CDATA[jdoe@fake.com]]>
              </value>
            </param>
            <param index="6">
              <value>
                <![CDATA[8005555555]]>
              </value>
            </param>
            <param index="7">
              <value>
                <![CDATA[1 Main St.]]>
              </value>
            </param>
            <param index="8">
              <value>
                <![CDATA[Apartment A]]>
              </value>
            </param>
            <param index="9">
              <value>
                <![CDATA[Anytown]]>
              </value>
            </param>
            <param index="10">
              <value>
                <![CDATA[KS]]>
              </value>
            </param>
            <param index="11">
              <value>
                <![CDATA[12345]]>
              </value>
            </param>
            <param index="12">
              <value>
                <![CDATA[USA]]>
              </value>
            </param>
          </params>
          <reporter-output>
          </reporter-output>
        </test-method> <!-- contactAddtionTest -->
        <test-method is-config="true" signature="closeBrowser()[pri:0, instance:test.TC_003_ContactPageTest@1a677343]" started-at="2024-12-20T19:22:51 IST" name="closeBrowser" finished-at="2024-12-20T19:22:52 IST" duration-ms="241" status="PASS">
          <reporter-output>
          </reporter-output>
        </test-method> <!-- closeBrowser -->
      </class> <!-- test.TC_003_ContactPageTest -->
    </test> <!-- Chrome Test -->
    <test started-at="2024-12-20T19:24:42 IST" name="Edge Test" finished-at="2024-12-20T19:29:48 IST" duration-ms="305602">
      <class name="test.TC_001_SignupTest">
        <test-method is-config="true" signature="reportInitialization()[pri:0, instance:test.TC_001_SignupTest@20d525]" started-at="2024-12-20T19:19:51 IST" name="reportInitialization" finished-at="2024-12-20T19:19:52 IST" duration-ms="326" status="PASS">
          <reporter-output>
          </reporter-output>
        </test-method> <!-- reportInitialization -->
        <test-method is-config="true" signature="data()[pri:0, instance:test.TC_001_SignupTest@20d525]" started-at="2024-12-20T19:24:42 IST" name="data" finished-at="2024-12-20T19:24:42 IST" duration-ms="0" status="PASS">
          <reporter-output>
          </reporter-output>
        </test-method> <!-- data -->
        <test-method is-config="true" signature="testDataDetails()[pri:0, instance:test.TC_001_SignupTest@20d525]" started-at="2024-12-20T19:24:42 IST" name="testDataDetails" finished-at="2024-12-20T19:24:42 IST" duration-ms="1" status="PASS">
          <reporter-output>
          </reporter-output>
        </test-method> <!-- testDataDetails -->
        <test-method is-config="true" signature="tdetails()[pri:0, instance:test.TC_001_SignupTest@20d525]" started-at="2024-12-20T19:24:42 IST" name="tdetails" finished-at="2024-12-20T19:24:42 IST" duration-ms="0" status="PASS">
          <reporter-output>
          </reporter-output>
        </test-method> <!-- tdetails -->
        <test-method is-config="true" signature="launchBrowserAndURL(java.lang.String)[pri:0, instance:test.TC_001_SignupTest@20d525]" started-at="2024-12-20T19:24:42 IST" name="launchBrowserAndURL" finished-at="2024-12-20T19:24:53 IST" duration-ms="11234" status="PASS">
          <params>
            <param index="0">
              <value>
                <![CDATA[edge]]>
              </value>
            </param>
          </params>
          <reporter-output>
          </reporter-output>
        </test-method> <!-- launchBrowserAndURL -->
        <test-method signature="signUpTest(java.lang.String,java.lang.String,java.lang.String,java.lang.String)[pri:0, instance:test.TC_001_SignupTest@20d525]" started-at="2024-12-20T19:24:53 IST" name="signUpTest" data-provider="excelRead" finished-at="2024-12-20T19:25:00 IST" duration-ms="6153" status="PASS">
          <params>
            <param index="0">
              <value>
                <![CDATA[Loganayaki]]>
              </value>
            </param>
            <param index="1">
              <value>
                <![CDATA[P]]>
              </value>
            </param>
            <param index="2">
              <value>
                <![CDATA[logutest131997@gmail.com]]>
              </value>
            </param>
            <param index="3">
              <value>
                <![CDATA[12345678]]>
              </value>
            </param>
          </params>
          <reporter-output>
          </reporter-output>
        </test-method> <!-- signUpTest -->
        <test-method is-config="true" signature="closeBrowser()[pri:0, instance:test.TC_001_SignupTest@20d525]" started-at="2024-12-20T19:25:00 IST" name="closeBrowser" finished-at="2024-12-20T19:25:00 IST" duration-ms="301" status="PASS">
          <reporter-output>
          </reporter-output>
        </test-method> <!-- closeBrowser -->
        <test-method is-config="true" signature="closeReport()[pri:0, instance:test.TC_001_SignupTest@20d525]" started-at="2024-12-20T19:29:48 IST" name="closeReport" finished-at="2024-12-20T19:29:48 IST" duration-ms="461" status="PASS">
          <reporter-output>
          </reporter-output>
        </test-method> <!-- closeReport -->
      </class> <!-- test.TC_001_SignupTest -->
      <class name="test.TC_002_LoginPageTest">
        <test-method is-config="true" signature="data()[pri:0, instance:test.TC_002_LoginPageTest@2002fc1d]" started-at="2024-12-20T19:24:42 IST" name="data" finished-at="2024-12-20T19:24:42 IST" duration-ms="0" status="PASS">
          <reporter-output>
          </reporter-output>
        </test-method> <!-- data -->
        <test-method is-config="true" signature="testDataDetails()[pri:0, instance:test.TC_002_LoginPageTest@2002fc1d]" started-at="2024-12-20T19:25:00 IST" name="testDataDetails" finished-at="2024-12-20T19:25:00 IST" duration-ms="0" status="PASS">
          <reporter-output>
          </reporter-output>
        </test-method> <!-- testDataDetails -->
        <test-method is-config="true" signature="tdetails()[pri:0, instance:test.TC_002_LoginPageTest@2002fc1d]" started-at="2024-12-20T19:25:00 IST" name="tdetails" finished-at="2024-12-20T19:25:00 IST" duration-ms="0" status="PASS">
          <reporter-output>
          </reporter-output>
        </test-method> <!-- tdetails -->
        <test-method is-config="true" signature="launchBrowserAndURL(java.lang.String)[pri:0, instance:test.TC_002_LoginPageTest@2002fc1d]" started-at="2024-12-20T19:25:00 IST" name="launchBrowserAndURL" finished-at="2024-12-20T19:25:10 IST" duration-ms="9480" status="PASS">
          <params>
            <param index="0">
              <value>
                <![CDATA[edge]]>
              </value>
            </param>
          </params>
          <reporter-output>
          </reporter-output>
        </test-method> <!-- launchBrowserAndURL -->
        <test-method signature="loginTest(java.lang.String,java.lang.String)[pri:0, instance:test.TC_002_LoginPageTest@2002fc1d]" started-at="2024-12-20T19:25:10 IST" name="loginTest" data-provider="excelRead" finished-at="2024-12-20T19:25:12 IST" duration-ms="2823" status="PASS">
          <params>
            <param index="0">
              <value>
                <![CDATA[logutest131997@gmail.com]]>
              </value>
            </param>
            <param index="1">
              <value>
                <![CDATA[12345678]]>
              </value>
            </param>
          </params>
          <reporter-output>
          </reporter-output>
        </test-method> <!-- loginTest -->
        <test-method is-config="true" signature="closeBrowser()[pri:0, instance:test.TC_002_LoginPageTest@2002fc1d]" started-at="2024-12-20T19:25:12 IST" name="closeBrowser" finished-at="2024-12-20T19:25:19 IST" duration-ms="6481" status="PASS">
          <reporter-output>
          </reporter-output>
        </test-method> <!-- closeBrowser -->
        <test-method is-config="true" signature="launchBrowserAndURL(java.lang.String)[pri:0, instance:test.TC_002_LoginPageTest@2002fc1d]" started-at="2024-12-20T19:25:19 IST" name="launchBrowserAndURL" finished-at="2024-12-20T19:25:29 IST" duration-ms="10665" status="PASS">
          <params>
            <param index="0">
              <value>
                <![CDATA[edge]]>
              </value>
            </param>
          </params>
          <reporter-output>
          </reporter-output>
        </test-method> <!-- launchBrowserAndURL -->
        <test-method signature="loginTest(java.lang.String,java.lang.String)[pri:0, instance:test.TC_002_LoginPageTest@2002fc1d]" started-at="2024-12-20T19:25:29 IST" name="loginTest" data-provider="excelRead" finished-at="2024-12-20T19:25:35 IST" duration-ms="5423" status="FAIL">
          <params>
            <param index="0">
              <value>
                <![CDATA[logutest131997@gmail.com]]>
              </value>
            </param>
            <param index="1">
              <value>
                <![CDATA[123456]]>
              </value>
            </param>
          </params>
          <exception class="org.openqa.selenium.NoSuchElementException">
            <message>
              <![CDATA[no such element: Unable to locate element: {"method":"xpath","selector":"//button[contains(text(),'Add a New Contact')]"}
  (Session info: MicrosoftEdge=131.0.2903.99)
For documentation on this error, please visit: https://www.selenium.dev/documentation/webdriver/troubleshooting/errors#no-such-element-exception
Build info: version: '4.25.0', revision: '8a8aea2337'
System info: os.name: 'Windows 11', os.arch: 'amd64', os.version: '10.0', java.version: '23'
Driver info: org.openqa.selenium.edge.EdgeDriver
Command: [f3ef715701759e7936291ac2fccf6048, findElement {value=//button[contains(text(),'Add a New Contact')], using=xpath}]
Capabilities {acceptInsecureCerts: false, browserName: MicrosoftEdge, browserVersion: 131.0.2903.99, fedcm:accounts: true, ms:edgeOptions: {debuggerAddress: localhost:50887}, msedge: {msedgedriverVersion: 131.0.2903.112 (16ab910a6e7..., userDataDir: C:\Users\Asus\AppData\Local...}, networkConnectionEnabled: false, pageLoadStrategy: normal, platformName: windows, proxy: Proxy(), se:cdp: ws://localhost:50887/devtoo..., se:cdpVersion: 131.0.2903.99, setWindowRect: true, strictFileInteractability: false, timeouts: {implicit: 0, pageLoad: 300000, script: 30000}, unhandledPromptBehavior: dismiss and notify, webauthn:extension:credBlob: true, webauthn:extension:largeBlob: true, webauthn:extension:minPinLength: true, webauthn:extension:prf: true, webauthn:virtualAuthenticators: true}
Session ID: f3ef715701759e7936291ac2fccf6048]]>
            </message>
            <full-stacktrace>
              <![CDATA[org.openqa.selenium.NoSuchElementException: no such element: Unable to locate element: {"method":"xpath","selector":"//button[contains(text(),'Add a New Contact')]"}
  (Session info: MicrosoftEdge=131.0.2903.99)
For documentation on this error, please visit: https://www.selenium.dev/documentation/webdriver/troubleshooting/errors#no-such-element-exception
Build info: version: '4.25.0', revision: '8a8aea2337'
System info: os.name: 'Windows 11', os.arch: 'amd64', os.version: '10.0', java.version: '23'
Driver info: org.openqa.selenium.edge.EdgeDriver
Command: [f3ef715701759e7936291ac2fccf6048, findElement {value=//button[contains(text(),'Add a New Contact')], using=xpath}]
Capabilities {acceptInsecureCerts: false, browserName: MicrosoftEdge, browserVersion: 131.0.2903.99, fedcm:accounts: true, ms:edgeOptions: {debuggerAddress: localhost:50887}, msedge: {msedgedriverVersion: 131.0.2903.112 (16ab910a6e7..., userDataDir: C:\Users\Asus\AppData\Local...}, networkConnectionEnabled: false, pageLoadStrategy: normal, platformName: windows, proxy: Proxy(), se:cdp: ws://localhost:50887/devtoo..., se:cdpVersion: 131.0.2903.99, setWindowRect: true, strictFileInteractability: false, timeouts: {implicit: 0, pageLoad: 300000, script: 30000}, unhandledPromptBehavior: dismiss and notify, webauthn:extension:credBlob: true, webauthn:extension:largeBlob: true, webauthn:extension:minPinLength: true, webauthn:extension:prf: true, webauthn:virtualAuthenticators: true}
Session ID: f3ef715701759e7936291ac2fccf6048
at java.base/jdk.internal.reflect.DirectConstructorHandleAccessor.newInstance(DirectConstructorHandleAccessor.java:62)
at java.base/java.lang.reflect.Constructor.newInstanceWithCaller(Constructor.java:501)
at java.base/java.lang.reflect.Constructor.newInstance(Constructor.java:485)
at org.openqa.selenium.remote.ErrorCodec.decode(ErrorCodec.java:167)
at org.openqa.selenium.remote.codec.w3c.W3CHttpResponseCodec.decode(W3CHttpResponseCodec.java:138)
at org.openqa.selenium.remote.codec.w3c.W3CHttpResponseCodec.decode(W3CHttpResponseCodec.java:50)
at org.openqa.selenium.remote.HttpCommandExecutor.execute(HttpCommandExecutor.java:190)
at org.openqa.selenium.remote.service.DriverCommandExecutor.invokeExecute(DriverCommandExecutor.java:216)
at org.openqa.selenium.remote.service.DriverCommandExecutor.execute(DriverCommandExecutor.java:174)
at org.openqa.selenium.remote.RemoteWebDriver.execute(RemoteWebDriver.java:545)
at org.openqa.selenium.remote.ElementLocation$ElementFinder$2.findElement(ElementLocation.java:165)
at org.openqa.selenium.remote.ElementLocation.findElement(ElementLocation.java:59)
at org.openqa.selenium.remote.RemoteWebDriver.findElement(RemoteWebDriver.java:368)
at org.openqa.selenium.remote.RemoteWebDriver.findElement(RemoteWebDriver.java:362)
at pages.LoginPage.clickLoginSubmit(LoginPage.java:43)
at test.TC_002_LoginPageTest.loginTest(TC_002_LoginPageTest.java:34)
at java.base/jdk.internal.reflect.DirectMethodHandleAccessor.invoke(DirectMethodHandleAccessor.java:103)
at java.base/java.lang.reflect.Method.invoke(Method.java:580)
at org.testng.internal.MethodInvocationHelper.invokeMethod(MethodInvocationHelper.java:133)
at org.testng.internal.TestInvoker.invokeMethod(TestInvoker.java:598)
at org.testng.internal.TestInvoker.invokeTestMethod(TestInvoker.java:173)
at org.testng.internal.MethodRunner.runInSequence(MethodRunner.java:46)
at org.testng.internal.TestInvoker$MethodInvocationAgent.invoke(TestInvoker.java:824)
at org.testng.internal.TestInvoker.invokeTestMethods(TestInvoker.java:146)
at org.testng.internal.TestMethodWorker.invokeTestMethods(TestMethodWorker.java:146)
at org.testng.internal.TestMethodWorker.run(TestMethodWorker.java:128)
at java.base/java.util.ArrayList.forEach(ArrayList.java:1597)
at org.testng.TestRunner.privateRun(TestRunner.java:794)
at org.testng.TestRunner.run(TestRunner.java:596)
at org.testng.SuiteRunner.runTest(SuiteRunner.java:377)
at org.testng.SuiteRunner.runSequentially(SuiteRunner.java:371)
at org.testng.SuiteRunner.privateRun(SuiteRunner.java:332)
at org.testng.SuiteRunner.run(SuiteRunner.java:276)
at org.testng.SuiteRunnerWorker.runSuite(SuiteRunnerWorker.java:53)
at org.testng.SuiteRunnerWorker.run(SuiteRunnerWorker.java:96)
at org.testng.TestNG.runSuitesSequentially(TestNG.java:1212)
at org.testng.TestNG.runSuitesLocally(TestNG.java:1134)
at org.testng.TestNG.runSuites(TestNG.java:1063)
at org.testng.TestNG.run(TestNG.java:1031)
at org.testng.remote.AbstractRemoteTestNG.run(AbstractRemoteTestNG.java:115)
at org.testng.remote.RemoteTestNG.initAndRun(RemoteTestNG.java:293)
at org.testng.remote.RemoteTestNG.main(RemoteTestNG.java:91)
]]>
            </full-stacktrace>
          </exception> <!-- org.openqa.selenium.NoSuchElementException -->
          <reporter-output>
          </reporter-output>
        </test-method> <!-- loginTest -->
        <test-method is-config="true" signature="closeBrowser()[pri:0, instance:test.TC_002_LoginPageTest@2002fc1d]" started-at="2024-12-20T19:25:35 IST" name="closeBrowser" finished-at="2024-12-20T19:25:35 IST" duration-ms="202" status="PASS">
          <reporter-output>
          </reporter-output>
        </test-method> <!-- closeBrowser -->
      </class> <!-- test.TC_002_LoginPageTest -->
      <class name="test.TC_005_ContactEditPageTest">
        <test-method is-config="true" signature="data()[pri:0, instance:test.TC_005_ContactEditPageTest@4009e306]" started-at="2024-12-20T19:24:42 IST" name="data" finished-at="2024-12-20T19:24:42 IST" duration-ms="0" status="PASS">
          <reporter-output>
          </reporter-output>
        </test-method> <!-- data -->
        <test-method is-config="true" signature="details()[pri:0, instance:test.TC_005_ContactEditPageTest@4009e306]" started-at="2024-12-20T19:28:17 IST" name="details" finished-at="2024-12-20T19:28:17 IST" duration-ms="1" status="PASS">
          <reporter-output>
          </reporter-output>
        </test-method> <!-- details -->
        <test-method is-config="true" signature="testDataDetails()[pri:0, instance:test.TC_005_ContactEditPageTest@4009e306]" started-at="2024-12-20T19:28:17 IST" name="testDataDetails" finished-at="2024-12-20T19:28:17 IST" duration-ms="0" status="PASS">
          <reporter-output>
          </reporter-output>
        </test-method> <!-- testDataDetails -->
        <test-method is-config="true" signature="launchBrowserAndURL(java.lang.String)[pri:0, instance:test.TC_005_ContactEditPageTest@4009e306]" started-at="2024-12-20T19:28:17 IST" name="launchBrowserAndURL" finished-at="2024-12-20T19:28:28 IST" duration-ms="11393" status="PASS">
          <params>
            <param index="0">
              <value>
                <![CDATA[edge]]>
              </value>
            </param>
          </params>
          <reporter-output>
          </reporter-output>
        </test-method> <!-- launchBrowserAndURL -->
        <test-method signature="contactEditingTest(java.lang.String,java.lang.String,java.lang.String,java.lang.String,java.lang.String,java.lang.String)[pri:0, instance:test.TC_005_ContactEditPageTest@4009e306]" started-at="2024-12-20T19:28:28 IST" name="contactEditingTest" data-provider="excelRead" finished-at="2024-12-20T19:28:50 IST" duration-ms="21551" status="PASS">
          <params>
            <param index="0">
              <value>
                <![CDATA[logutest131997@gmail.com]]>
              </value>
            </param>
            <param index="1">
              <value>
                <![CDATA[12345678]]>
              </value>
            </param>
            <param index="2">
              <value>
                <![CDATA[Anna]]>
              </value>
            </param>
            <param index="3">
              <value>
                <![CDATA[Mil]]>
              </value>
            </param>
            <param index="4">
              <value>
                <![CDATA[amiller@fake.com]]>
              </value>
            </param>
            <param index="5">
              <value>
                <![CDATA[9876543210]]>
              </value>
            </param>
          </params>
          <reporter-output>
          </reporter-output>
        </test-method> <!-- contactEditingTest -->
        <test-method is-config="true" signature="closeBrowser()[pri:0, instance:test.TC_005_ContactEditPageTest@4009e306]" started-at="2024-12-20T19:28:50 IST" name="closeBrowser" finished-at="2024-12-20T19:28:50 IST" duration-ms="317" status="PASS">
          <reporter-output>
          </reporter-output>
        </test-method> <!-- closeBrowser -->
      </class> <!-- test.TC_005_ContactEditPageTest -->
      <class name="test.TC_004_ContactDisplayPageTest">
        <test-method is-config="true" signature="data()[pri:0, instance:test.TC_004_ContactDisplayPageTest@3d34d211]" started-at="2024-12-20T19:24:42 IST" name="data" finished-at="2024-12-20T19:24:42 IST" duration-ms="1" status="PASS">
          <reporter-output>
          </reporter-output>
        </test-method> <!-- data -->
        <test-method is-config="true" signature="testDataDetails()[pri:0, instance:test.TC_004_ContactDisplayPageTest@3d34d211]" started-at="2024-12-20T19:28:00 IST" name="testDataDetails" finished-at="2024-12-20T19:28:00 IST" duration-ms="0" status="PASS">
          <reporter-output>
          </reporter-output>
        </test-method> <!-- testDataDetails -->
        <test-method is-config="true" signature="tdetails()[pri:0, instance:test.TC_004_ContactDisplayPageTest@3d34d211]" started-at="2024-12-20T19:28:00 IST" name="tdetails" finished-at="2024-12-20T19:28:00 IST" duration-ms="0" status="PASS">
          <reporter-output>
          </reporter-output>
        </test-method> <!-- tdetails -->
        <test-method is-config="true" signature="launchBrowserAndURL(java.lang.String)[pri:0, instance:test.TC_004_ContactDisplayPageTest@3d34d211]" started-at="2024-12-20T19:28:00 IST" name="launchBrowserAndURL" finished-at="2024-12-20T19:28:08 IST" duration-ms="7921" status="PASS">
          <params>
            <param index="0">
              <value>
                <![CDATA[edge]]>
              </value>
            </param>
          </params>
          <reporter-output>
          </reporter-output>
        </test-method> <!-- launchBrowserAndURL -->
        <test-method signature="contactDisplatTest(java.lang.String,java.lang.String)[pri:0, instance:test.TC_004_ContactDisplayPageTest@3d34d211]" started-at="2024-12-20T19:28:08 IST" name="contactDisplatTest" data-provider="excelRead" finished-at="2024-12-20T19:28:16 IST" duration-ms="7796" status="FAIL">
          <params>
            <param index="0">
              <value>
                <![CDATA[logutest131997@gmail.com]]>
              </value>
            </param>
            <param index="1">
              <value>
                <![CDATA[12345678]]>
              </value>
            </param>
          </params>
          <exception class="org.openqa.selenium.NoSuchElementException">
            <message>
              <![CDATA[no such element: Unable to locate element: {"method":"xpath","selector":"//td[contains(text(),'Anna Mil')]"}
  (Session info: MicrosoftEdge=131.0.2903.99)
For documentation on this error, please visit: https://www.selenium.dev/documentation/webdriver/troubleshooting/errors#no-such-element-exception
Build info: version: '4.25.0', revision: '8a8aea2337'
System info: os.name: 'Windows 11', os.arch: 'amd64', os.version: '10.0', java.version: '23'
Driver info: org.openqa.selenium.edge.EdgeDriver
Command: [f5b9e791c2eae05b59e196728b49d5ce, findElement {value=//td[contains(text(),'Anna Mil')], using=xpath}]
Capabilities {acceptInsecureCerts: false, browserName: MicrosoftEdge, browserVersion: 131.0.2903.99, fedcm:accounts: true, ms:edgeOptions: {debuggerAddress: localhost:51138}, msedge: {msedgedriverVersion: 131.0.2903.112 (16ab910a6e7..., userDataDir: C:\Users\Asus\AppData\Local...}, networkConnectionEnabled: false, pageLoadStrategy: normal, platformName: windows, proxy: Proxy(), se:cdp: ws://localhost:51138/devtoo..., se:cdpVersion: 131.0.2903.99, setWindowRect: true, strictFileInteractability: false, timeouts: {implicit: 0, pageLoad: 300000, script: 30000}, unhandledPromptBehavior: dismiss and notify, webauthn:extension:credBlob: true, webauthn:extension:largeBlob: true, webauthn:extension:minPinLength: true, webauthn:extension:prf: true, webauthn:virtualAuthenticators: true}
Session ID: f5b9e791c2eae05b59e196728b49d5ce]]>
            </message>
            <full-stacktrace>
              <![CDATA[org.openqa.selenium.NoSuchElementException: no such element: Unable to locate element: {"method":"xpath","selector":"//td[contains(text(),'Anna Mil')]"}
  (Session info: MicrosoftEdge=131.0.2903.99)
For documentation on this error, please visit: https://www.selenium.dev/documentation/webdriver/troubleshooting/errors#no-such-element-exception
Build info: version: '4.25.0', revision: '8a8aea2337'
System info: os.name: 'Windows 11', os.arch: 'amd64', os.version: '10.0', java.version: '23'
Driver info: org.openqa.selenium.edge.EdgeDriver
Command: [f5b9e791c2eae05b59e196728b49d5ce, findElement {value=//td[contains(text(),'Anna Mil')], using=xpath}]
Capabilities {acceptInsecureCerts: false, browserName: MicrosoftEdge, browserVersion: 131.0.2903.99, fedcm:accounts: true, ms:edgeOptions: {debuggerAddress: localhost:51138}, msedge: {msedgedriverVersion: 131.0.2903.112 (16ab910a6e7..., userDataDir: C:\Users\Asus\AppData\Local...}, networkConnectionEnabled: false, pageLoadStrategy: normal, platformName: windows, proxy: Proxy(), se:cdp: ws://localhost:51138/devtoo..., se:cdpVersion: 131.0.2903.99, setWindowRect: true, strictFileInteractability: false, timeouts: {implicit: 0, pageLoad: 300000, script: 30000}, unhandledPromptBehavior: dismiss and notify, webauthn:extension:credBlob: true, webauthn:extension:largeBlob: true, webauthn:extension:minPinLength: true, webauthn:extension:prf: true, webauthn:virtualAuthenticators: true}
Session ID: f5b9e791c2eae05b59e196728b49d5ce
at java.base/jdk.internal.reflect.DirectConstructorHandleAccessor.newInstance(DirectConstructorHandleAccessor.java:62)
at java.base/java.lang.reflect.Constructor.newInstanceWithCaller(Constructor.java:501)
at java.base/java.lang.reflect.Constructor.newInstance(Constructor.java:485)
at org.openqa.selenium.remote.ErrorCodec.decode(ErrorCodec.java:167)
at org.openqa.selenium.remote.codec.w3c.W3CHttpResponseCodec.decode(W3CHttpResponseCodec.java:138)
at org.openqa.selenium.remote.codec.w3c.W3CHttpResponseCodec.decode(W3CHttpResponseCodec.java:50)
at org.openqa.selenium.remote.HttpCommandExecutor.execute(HttpCommandExecutor.java:190)
at org.openqa.selenium.remote.service.DriverCommandExecutor.invokeExecute(DriverCommandExecutor.java:216)
at org.openqa.selenium.remote.service.DriverCommandExecutor.execute(DriverCommandExecutor.java:174)
at org.openqa.selenium.remote.RemoteWebDriver.execute(RemoteWebDriver.java:545)
at org.openqa.selenium.remote.ElementLocation$ElementFinder$2.findElement(ElementLocation.java:165)
at org.openqa.selenium.remote.ElementLocation.findElement(ElementLocation.java:59)
at org.openqa.selenium.remote.RemoteWebDriver.findElement(RemoteWebDriver.java:368)
at org.openqa.selenium.remote.RemoteWebDriver.findElement(RemoteWebDriver.java:362)
at org.openqa.selenium.support.pagefactory.DefaultElementLocator.findElement(DefaultElementLocator.java:68)
at org.openqa.selenium.support.pagefactory.internal.LocatingElementHandler.invoke(LocatingElementHandler.java:38)
at jdk.proxy2/jdk.proxy2.$Proxy20.isDisplayed(Unknown Source)
at pages.ContactDisplayPage.contactValidation(ContactDisplayPage.java:32)
at test.TC_004_ContactDisplayPageTest.contactDisplatTest(TC_004_ContactDisplayPageTest.java:34)
at java.base/jdk.internal.reflect.DirectMethodHandleAccessor.invoke(DirectMethodHandleAccessor.java:103)
at java.base/java.lang.reflect.Method.invoke(Method.java:580)
at org.testng.internal.MethodInvocationHelper.invokeMethod(MethodInvocationHelper.java:133)
at org.testng.internal.TestInvoker.invokeMethod(TestInvoker.java:598)
at org.testng.internal.TestInvoker.invokeTestMethod(TestInvoker.java:173)
at org.testng.internal.MethodRunner.runInSequence(MethodRunner.java:46)
at org.testng.internal.TestInvoker$MethodInvocationAgent.invoke(TestInvoker.java:824)
at org.testng.internal.TestInvoker.invokeTestMethods(TestInvoker.java:146)
at org.testng.internal.TestMethodWorker.invokeTestMethods(TestMethodWorker.java:146)
at org.testng.internal.TestMethodWorker.run(TestMethodWorker.java:128)
at java.base/java.util.ArrayList.forEach(ArrayList.java:1597)
at org.testng.TestRunner.privateRun(TestRunner.java:794)
at org.testng.TestRunner.run(TestRunner.java:596)
at org.testng.SuiteRunner.runTest(SuiteRunner.java:377)
at org.testng.SuiteRunner.runSequentially(SuiteRunner.java:371)
at org.testng.SuiteRunner.privateRun(SuiteRunner.java:332)
at org.testng.SuiteRunner.run(SuiteRunner.java:276)
at org.testng.SuiteRunnerWorker.runSuite(SuiteRunnerWorker.java:53)
at org.testng.SuiteRunnerWorker.run(SuiteRunnerWorker.java:96)
at org.testng.TestNG.runSuitesSequentially(TestNG.java:1212)
at org.testng.TestNG.runSuitesLocally(TestNG.java:1134)
at org.testng.TestNG.runSuites(TestNG.java:1063)
at org.testng.TestNG.run(TestNG.java:1031)
at org.testng.remote.AbstractRemoteTestNG.run(AbstractRemoteTestNG.java:115)
at org.testng.remote.RemoteTestNG.initAndRun(RemoteTestNG.java:293)
at org.testng.remote.RemoteTestNG.main(RemoteTestNG.java:91)
]]>
            </full-stacktrace>
          </exception> <!-- org.openqa.selenium.NoSuchElementException -->
          <reporter-output>
          </reporter-output>
        </test-method> <!-- contactDisplatTest -->
        <test-method is-config="true" signature="closeBrowser()[pri:0, instance:test.TC_004_ContactDisplayPageTest@3d34d211]" started-at="2024-12-20T19:28:16 IST" name="closeBrowser" finished-at="2024-12-20T19:28:17 IST" duration-ms="251" status="PASS">
          <reporter-output>
          </reporter-output>
        </test-method> <!-- closeBrowser -->
      </class> <!-- test.TC_004_ContactDisplayPageTest -->
      <class name="test.TC_007_LogoutPageTest">
        <test-method is-config="true" signature="data()[pri:0, instance:test.TC_007_LogoutPageTest@2de23121]" started-at="2024-12-20T19:24:42 IST" name="data" finished-at="2024-12-20T19:24:42 IST" duration-ms="0" status="PASS">
          <reporter-output>
          </reporter-output>
        </test-method> <!-- data -->
        <test-method is-config="true" signature="details()[pri:0, instance:test.TC_007_LogoutPageTest@2de23121]" started-at="2024-12-20T19:29:12 IST" name="details" finished-at="2024-12-20T19:29:12 IST" duration-ms="0" status="PASS">
          <reporter-output>
          </reporter-output>
        </test-method> <!-- details -->
        <test-method is-config="true" signature="testDataDetails()[pri:0, instance:test.TC_007_LogoutPageTest@2de23121]" started-at="2024-12-20T19:29:12 IST" name="testDataDetails" finished-at="2024-12-20T19:29:12 IST" duration-ms="0" status="PASS">
          <reporter-output>
          </reporter-output>
        </test-method> <!-- testDataDetails -->
        <test-method is-config="true" signature="launchBrowserAndURL(java.lang.String)[pri:0, instance:test.TC_007_LogoutPageTest@2de23121]" started-at="2024-12-20T19:29:12 IST" name="launchBrowserAndURL" finished-at="2024-12-20T19:29:22 IST" duration-ms="9893" status="PASS">
          <params>
            <param index="0">
              <value>
                <![CDATA[edge]]>
              </value>
            </param>
          </params>
          <reporter-output>
          </reporter-output>
        </test-method> <!-- launchBrowserAndURL -->
        <test-method signature="finalLogoutTest(java.lang.String,java.lang.String)[pri:0, instance:test.TC_007_LogoutPageTest@2de23121]" started-at="2024-12-20T19:29:22 IST" name="finalLogoutTest" data-provider="excelRead" finished-at="2024-12-20T19:29:47 IST" duration-ms="25778" status="PASS">
          <params>
            <param index="0">
              <value>
                <![CDATA[logutest131997@gmail.com]]>
              </value>
            </param>
            <param index="1">
              <value>
                <![CDATA[12345678]]>
              </value>
            </param>
          </params>
          <reporter-output>
          </reporter-output>
        </test-method> <!-- finalLogoutTest -->
        <test-method is-config="true" signature="closeBrowser()[pri:0, instance:test.TC_007_LogoutPageTest@2de23121]" started-at="2024-12-20T19:29:47 IST" name="closeBrowser" finished-at="2024-12-20T19:29:48 IST" duration-ms="279" status="PASS">
          <reporter-output>
          </reporter-output>
        </test-method> <!-- closeBrowser -->
      </class> <!-- test.TC_007_LogoutPageTest -->
      <class name="test.TC_006_ContactDeletePageTest">
        <test-method is-config="true" signature="data()[pri:0, instance:test.TC_006_ContactDeletePageTest@587e5365]" started-at="2024-12-20T19:24:42 IST" name="data" finished-at="2024-12-20T19:24:42 IST" duration-ms="0" status="PASS">
          <reporter-output>
          </reporter-output>
        </test-method> <!-- data -->
        <test-method is-config="true" signature="details()[pri:0, instance:test.TC_006_ContactDeletePageTest@587e5365]" started-at="2024-12-20T19:28:50 IST" name="details" finished-at="2024-12-20T19:28:50 IST" duration-ms="0" status="PASS">
          <reporter-output>
          </reporter-output>
        </test-method> <!-- details -->
        <test-method is-config="true" signature="testDataDetails()[pri:0, instance:test.TC_006_ContactDeletePageTest@587e5365]" started-at="2024-12-20T19:28:50 IST" name="testDataDetails" finished-at="2024-12-20T19:28:50 IST" duration-ms="0" status="PASS">
          <reporter-output>
          </reporter-output>
        </test-method> <!-- testDataDetails -->
        <test-method is-config="true" signature="launchBrowserAndURL(java.lang.String)[pri:0, instance:test.TC_006_ContactDeletePageTest@587e5365]" started-at="2024-12-20T19:28:50 IST" name="launchBrowserAndURL" finished-at="2024-12-20T19:29:00 IST" duration-ms="10322" status="PASS">
          <params>
            <param index="0">
              <value>
                <![CDATA[edge]]>
              </value>
            </param>
          </params>
          <reporter-output>
          </reporter-output>
        </test-method> <!-- launchBrowserAndURL -->
        <test-method signature="contactDeletingTest(java.lang.String,java.lang.String)[pri:0, instance:test.TC_006_ContactDeletePageTest@587e5365]" started-at="2024-12-20T19:29:00 IST" name="contactDeletingTest" data-provider="excelRead" finished-at="2024-12-20T19:29:11 IST" duration-ms="10992" status="PASS">
          <params>
            <param index="0">
              <value>
                <![CDATA[logutest131997@gmail.com]]>
              </value>
            </param>
            <param index="1">
              <value>
                <![CDATA[12345678]]>
              </value>
            </param>
          </params>
          <reporter-output>
          </reporter-output>
        </test-method> <!-- contactDeletingTest -->
        <test-method is-config="true" signature="closeBrowser()[pri:0, instance:test.TC_006_ContactDeletePageTest@587e5365]" started-at="2024-12-20T19:29:11 IST" name="closeBrowser" finished-at="2024-12-20T19:29:12 IST" duration-ms="261" status="PASS">
          <reporter-output>
          </reporter-output>
        </test-method> <!-- closeBrowser -->
      </class> <!-- test.TC_006_ContactDeletePageTest -->
      <class name="test.TC_003_ContactPageTest">
        <test-method is-config="true" signature="data()[pri:0, instance:test.TC_003_ContactPageTest@6f4a47c7]" started-at="2024-12-20T19:24:42 IST" name="data" finished-at="2024-12-20T19:24:42 IST" duration-ms="0" status="PASS">
          <reporter-output>
          </reporter-output>
        </test-method> <!-- data -->
        <test-method is-config="true" signature="tdetails()[pri:0, instance:test.TC_003_ContactPageTest@6f4a47c7]" started-at="2024-12-20T19:25:35 IST" name="tdetails" finished-at="2024-12-20T19:25:35 IST" duration-ms="1" status="PASS">
          <reporter-output>
          </reporter-output>
        </test-method> <!-- tdetails -->
        <test-method is-config="true" signature="testDataDetails()[pri:0, instance:test.TC_003_ContactPageTest@6f4a47c7]" started-at="2024-12-20T19:25:35 IST" name="testDataDetails" finished-at="2024-12-20T19:25:35 IST" duration-ms="0" status="PASS">
          <reporter-output>
          </reporter-output>
        </test-method> <!-- testDataDetails -->
        <test-method is-config="true" signature="launchBrowserAndURL(java.lang.String)[pri:0, instance:test.TC_003_ContactPageTest@6f4a47c7]" started-at="2024-12-20T19:25:35 IST" name="launchBrowserAndURL" finished-at="2024-12-20T19:25:45 IST" duration-ms="9801" status="PASS">
          <params>
            <param index="0">
              <value>
                <![CDATA[edge]]>
              </value>
            </param>
          </params>
          <reporter-output>
          </reporter-output>
        </test-method> <!-- launchBrowserAndURL -->
        <test-method signature="contactAddtionTest(java.lang.String,java.lang.String,java.lang.String,java.lang.String,java.lang.String,java.lang.String,java.lang.String,java.lang.String,java.lang.String,java.lang.String,java.lang.String,java.lang.String,java.lang.String)[pri:0, instance:test.TC_003_ContactPageTest@6f4a47c7]" started-at="2024-12-20T19:25:45 IST" name="contactAddtionTest" data-provider="excelRead" finished-at="2024-12-20T19:25:57 IST" duration-ms="11522" status="PASS">
          <params>
            <param index="0">
              <value>
                <![CDATA[logutest131997@gmail.com]]>
              </value>
            </param>
            <param index="1">
              <value>
                <![CDATA[12345678]]>
              </value>
            </param>
            <param index="2">
              <value>
                <![CDATA[John]]>
              </value>
            </param>
            <param index="3">
              <value>
                <![CDATA[Doe]]>
              </value>
            </param>
            <param index="4">
              <value>
                <![CDATA[1990-01-01]]>
              </value>
            </param>
            <param index="5">
              <value>
                <![CDATA[jdoe@fake.com]]>
              </value>
            </param>
            <param index="6">
              <value>
                <![CDATA[8005555555]]>
              </value>
            </param>
            <param index="7">
              <value>
                <![CDATA[1 Main St.]]>
              </value>
            </param>
            <param index="8">
              <value>
                <![CDATA[Apartment A]]>
              </value>
            </param>
            <param index="9">
              <value>
                <![CDATA[Anytown]]>
              </value>
            </param>
            <param index="10">
              <value>
                <![CDATA[KS]]>
              </value>
            </param>
            <param index="11">
              <value>
                <![CDATA[12345]]>
              </value>
            </param>
            <param index="12">
              <value>
                <![CDATA[USA]]>
              </value>
            </param>
          </params>
          <reporter-output>
          </reporter-output>
        </test-method> <!-- contactAddtionTest -->
        <test-method is-config="true" signature="closeBrowser()[pri:0, instance:test.TC_003_ContactPageTest@6f4a47c7]" started-at="2024-12-20T19:25:57 IST" name="closeBrowser" finished-at="2024-12-20T19:25:57 IST" duration-ms="259" status="PASS">
          <reporter-output>
          </reporter-output>
        </test-method> <!-- closeBrowser -->
        <test-method is-config="true" signature="launchBrowserAndURL(java.lang.String)[pri:0, instance:test.TC_003_ContactPageTest@6f4a47c7]" started-at="2024-12-20T19:25:57 IST" name="launchBrowserAndURL" finished-at="2024-12-20T19:26:06 IST" duration-ms="9467" status="PASS">
          <params>
            <param index="0">
              <value>
                <![CDATA[edge]]>
              </value>
            </param>
          </params>
          <reporter-output>
          </reporter-output>
        </test-method> <!-- launchBrowserAndURL -->
        <test-method signature="contactAddtionTest(java.lang.String,java.lang.String,java.lang.String,java.lang.String,java.lang.String,java.lang.String,java.lang.String,java.lang.String,java.lang.String,java.lang.String,java.lang.String,java.lang.String,java.lang.String)[pri:0, instance:test.TC_003_ContactPageTest@6f4a47c7]" started-at="2024-12-20T19:26:06 IST" name="contactAddtionTest" data-provider="excelRead" finished-at="2024-12-20T19:26:19 IST" duration-ms="12983" status="PASS">
          <params>
            <param index="0">
              <value>
                <![CDATA[logutest131997@gmail.com]]>
              </value>
            </param>
            <param index="1">
              <value>
                <![CDATA[12345678]]>
              </value>
            </param>
            <param index="2">
              <value>
                <![CDATA[Amy]]>
              </value>
            </param>
            <param index="3">
              <value>
                <![CDATA[Miller]]>
              </value>
            </param>
            <param index="4">
              <value>
                <![CDATA[1990-10-25]]>
              </value>
            </param>
            <param index="5">
              <value>
                <![CDATA[amiller@fake.com]]>
              </value>
            </param>
            <param index="6">
              <value>
                <![CDATA[8005554242]]>
              </value>
            </param>
            <param index="7">
              <value>
                <![CDATA[13 School St.]]>
              </value>
            </param>
            <param index="8">
              <value>
                <![CDATA[Apt. 5]]>
              </value>
            </param>
            <param index="9">
              <value>
                <![CDATA[Washington]]>
              </value>
            </param>
            <param index="10">
              <value>
                <![CDATA[QC]]>
              </value>
            </param>
            <param index="11">
              <value>
                <![CDATA[1234]]>
              </value>
            </param>
            <param index="12">
              <value>
                <![CDATA[Canada]]>
              </value>
            </param>
          </params>
          <reporter-output>
          </reporter-output>
        </test-method> <!-- contactAddtionTest -->
        <test-method is-config="true" signature="closeBrowser()[pri:0, instance:test.TC_003_ContactPageTest@6f4a47c7]" started-at="2024-12-20T19:26:19 IST" name="closeBrowser" finished-at="2024-12-20T19:26:20 IST" duration-ms="231" status="PASS">
          <reporter-output>
          </reporter-output>
        </test-method> <!-- closeBrowser -->
        <test-method is-config="true" signature="launchBrowserAndURL(java.lang.String)[pri:0, instance:test.TC_003_ContactPageTest@6f4a47c7]" started-at="2024-12-20T19:26:20 IST" name="launchBrowserAndURL" finished-at="2024-12-20T19:26:29 IST" duration-ms="9340" status="PASS">
          <params>
            <param index="0">
              <value>
                <![CDATA[edge]]>
              </value>
            </param>
          </params>
          <reporter-output>
          </reporter-output>
        </test-method> <!-- launchBrowserAndURL -->
        <test-method signature="contactAddtionTest(java.lang.String,java.lang.String,java.lang.String,java.lang.String,java.lang.String,java.lang.String,java.lang.String,java.lang.String,java.lang.String,java.lang.String,java.lang.String,java.lang.String,java.lang.String)[pri:0, instance:test.TC_003_ContactPageTest@6f4a47c7]" started-at="2024-12-20T19:26:29 IST" name="contactAddtionTest" data-provider="excelRead" finished-at="2024-12-20T19:26:41 IST" duration-ms="11878" status="PASS">
          <params>
            <param index="0">
              <value>
                <![CDATA[logutest131997@gmail.com]]>
              </value>
            </param>
            <param index="1">
              <value>
                <![CDATA[12345678]]>
              </value>
            </param>
            <param index="2">
              <value>
                <![CDATA[Amy]]>
              </value>
            </param>
            <param index="3">
              <value>
                <![CDATA[Miller]]>
              </value>
            </param>
            <param index="4">
              <value>
                <![CDATA[1994-02-05]]>
              </value>
            </param>
            <param index="5">
              <value>
                <![CDATA[amiller@fake.com]]>
              </value>
            </param>
            <param index="6">
              <value>
                <![CDATA[8005554242]]>
              </value>
            </param>
            <param index="7">
              <value>
                <![CDATA[13 School St.]]>
              </value>
            </param>
            <param index="8">
              <value>
                <![CDATA[Apt. 5]]>
              </value>
            </param>
            <param index="9">
              <value>
                <![CDATA[Washington]]>
              </value>
            </param>
            <param index="10">
              <value>
                <![CDATA[QC]]>
              </value>
            </param>
            <param index="11">
              <value>
                <![CDATA[1234]]>
              </value>
            </param>
            <param index="12">
              <value>
                <![CDATA[Canada]]>
              </value>
            </param>
          </params>
          <reporter-output>
          </reporter-output>
        </test-method> <!-- contactAddtionTest -->
        <test-method is-config="true" signature="closeBrowser()[pri:0, instance:test.TC_003_ContactPageTest@6f4a47c7]" started-at="2024-12-20T19:26:41 IST" name="closeBrowser" finished-at="2024-12-20T19:26:41 IST" duration-ms="314" status="PASS">
          <reporter-output>
          </reporter-output>
        </test-method> <!-- closeBrowser -->
        <test-method is-config="true" signature="launchBrowserAndURL(java.lang.String)[pri:0, instance:test.TC_003_ContactPageTest@6f4a47c7]" started-at="2024-12-20T19:26:41 IST" name="launchBrowserAndURL" finished-at="2024-12-20T19:26:49 IST" duration-ms="7432" status="PASS">
          <params>
            <param index="0">
              <value>
                <![CDATA[edge]]>
              </value>
            </param>
          </params>
          <reporter-output>
          </reporter-output>
        </test-method> <!-- launchBrowserAndURL -->
        <test-method signature="contactAddtionTest(java.lang.String,java.lang.String,java.lang.String,java.lang.String,java.lang.String,java.lang.String,java.lang.String,java.lang.String,java.lang.String,java.lang.String,java.lang.String,java.lang.String,java.lang.String)[pri:0, instance:test.TC_003_ContactPageTest@6f4a47c7]" started-at="2024-12-20T19:26:49 IST" name="contactAddtionTest" data-provider="excelRead" finished-at="2024-12-20T19:27:06 IST" duration-ms="16952" status="FAIL">
          <params>
            <param index="0">
              <value>
                <![CDATA[logutest131997@gmail.com]]>
              </value>
            </param>
            <param index="1">
              <value>
                <![CDATA[12345678]]>
              </value>
            </param>
            <param index="2">
              <value>
                <![CDATA[]]>
              </value>
            </param>
            <param index="3">
              <value>
                <![CDATA[]]>
              </value>
            </param>
            <param index="4">
              <value>
                <![CDATA[01-01-1970]]>
              </value>
            </param>
            <param index="5">
              <value>
                <![CDATA[jdoe@fake.com]]>
              </value>
            </param>
            <param index="6">
              <value>
                <![CDATA[8005555555]]>
              </value>
            </param>
            <param index="7">
              <value>
                <![CDATA[1 Main St.]]>
              </value>
            </param>
            <param index="8">
              <value>
                <![CDATA[Apartment A]]>
              </value>
            </param>
            <param index="9">
              <value>
                <![CDATA[Anytown]]>
              </value>
            </param>
            <param index="10">
              <value>
                <![CDATA[KS]]>
              </value>
            </param>
            <param index="11">
              <value>
                <![CDATA[12345]]>
              </value>
            </param>
            <param index="12">
              <value>
                <![CDATA[USA]]>
              </value>
            </param>
          </params>
          <exception class="org.openqa.selenium.NoSuchElementException">
            <message>
              <![CDATA[no such element: Unable to locate element: {"method":"xpath","selector":"//button[contains(text(),'Add a New Contact')]"}
  (Session info: MicrosoftEdge=131.0.2903.99)
For documentation on this error, please visit: https://www.selenium.dev/documentation/webdriver/troubleshooting/errors#no-such-element-exception
Build info: version: '4.25.0', revision: '8a8aea2337'
System info: os.name: 'Windows 11', os.arch: 'amd64', os.version: '10.0', java.version: '23'
Driver info: org.openqa.selenium.edge.EdgeDriver
Command: [686486af58c18bdb7f9534fe7895af46, findElement {value=//button[contains(text(),'Add a New Contact')], using=xpath}]
Capabilities {acceptInsecureCerts: false, browserName: MicrosoftEdge, browserVersion: 131.0.2903.99, fedcm:accounts: true, ms:edgeOptions: {debuggerAddress: localhost:51027}, msedge: {msedgedriverVersion: 131.0.2903.112 (16ab910a6e7..., userDataDir: C:\Users\Asus\AppData\Local...}, networkConnectionEnabled: false, pageLoadStrategy: normal, platformName: windows, proxy: Proxy(), se:cdp: ws://localhost:51027/devtoo..., se:cdpVersion: 131.0.2903.99, setWindowRect: true, strictFileInteractability: false, timeouts: {implicit: 0, pageLoad: 300000, script: 30000}, unhandledPromptBehavior: dismiss and notify, webauthn:extension:credBlob: true, webauthn:extension:largeBlob: true, webauthn:extension:minPinLength: true, webauthn:extension:prf: true, webauthn:virtualAuthenticators: true}
Session ID: 686486af58c18bdb7f9534fe7895af46]]>
            </message>
            <full-stacktrace>
              <![CDATA[org.openqa.selenium.NoSuchElementException: no such element: Unable to locate element: {"method":"xpath","selector":"//button[contains(text(),'Add a New Contact')]"}
  (Session info: MicrosoftEdge=131.0.2903.99)
For documentation on this error, please visit: https://www.selenium.dev/documentation/webdriver/troubleshooting/errors#no-such-element-exception
Build info: version: '4.25.0', revision: '8a8aea2337'
System info: os.name: 'Windows 11', os.arch: 'amd64', os.version: '10.0', java.version: '23'
Driver info: org.openqa.selenium.edge.EdgeDriver
Command: [686486af58c18bdb7f9534fe7895af46, findElement {value=//button[contains(text(),'Add a New Contact')], using=xpath}]
Capabilities {acceptInsecureCerts: false, browserName: MicrosoftEdge, browserVersion: 131.0.2903.99, fedcm:accounts: true, ms:edgeOptions: {debuggerAddress: localhost:51027}, msedge: {msedgedriverVersion: 131.0.2903.112 (16ab910a6e7..., userDataDir: C:\Users\Asus\AppData\Local...}, networkConnectionEnabled: false, pageLoadStrategy: normal, platformName: windows, proxy: Proxy(), se:cdp: ws://localhost:51027/devtoo..., se:cdpVersion: 131.0.2903.99, setWindowRect: true, strictFileInteractability: false, timeouts: {implicit: 0, pageLoad: 300000, script: 30000}, unhandledPromptBehavior: dismiss and notify, webauthn:extension:credBlob: true, webauthn:extension:largeBlob: true, webauthn:extension:minPinLength: true, webauthn:extension:prf: true, webauthn:virtualAuthenticators: true}
Session ID: 686486af58c18bdb7f9534fe7895af46
at java.base/jdk.internal.reflect.DirectConstructorHandleAccessor.newInstance(DirectConstructorHandleAccessor.java:62)
at java.base/java.lang.reflect.Constructor.newInstanceWithCaller(Constructor.java:501)
at java.base/java.lang.reflect.Constructor.newInstance(Constructor.java:485)
at org.openqa.selenium.remote.ErrorCodec.decode(ErrorCodec.java:167)
at org.openqa.selenium.remote.codec.w3c.W3CHttpResponseCodec.decode(W3CHttpResponseCodec.java:138)
at org.openqa.selenium.remote.codec.w3c.W3CHttpResponseCodec.decode(W3CHttpResponseCodec.java:50)
at org.openqa.selenium.remote.HttpCommandExecutor.execute(HttpCommandExecutor.java:190)
at org.openqa.selenium.remote.service.DriverCommandExecutor.invokeExecute(DriverCommandExecutor.java:216)
at org.openqa.selenium.remote.service.DriverCommandExecutor.execute(DriverCommandExecutor.java:174)
at org.openqa.selenium.remote.RemoteWebDriver.execute(RemoteWebDriver.java:545)
at org.openqa.selenium.remote.ElementLocation$ElementFinder$2.findElement(ElementLocation.java:165)
at org.openqa.selenium.remote.ElementLocation.findElement(ElementLocation.java:59)
at org.openqa.selenium.remote.RemoteWebDriver.findElement(RemoteWebDriver.java:368)
at org.openqa.selenium.remote.RemoteWebDriver.findElement(RemoteWebDriver.java:362)
at pages.ContactPage.contactAddSubmitButton(ContactPage.java:124)
at test.TC_003_ContactPageTest.contactAddtionTest(TC_003_ContactPageTest.java:47)
at java.base/jdk.internal.reflect.DirectMethodHandleAccessor.invoke(DirectMethodHandleAccessor.java:103)
at java.base/java.lang.reflect.Method.invoke(Method.java:580)
at org.testng.internal.MethodInvocationHelper.invokeMethod(MethodInvocationHelper.java:133)
at org.testng.internal.TestInvoker.invokeMethod(TestInvoker.java:598)
at org.testng.internal.TestInvoker.invokeTestMethod(TestInvoker.java:173)
at org.testng.internal.MethodRunner.runInSequence(MethodRunner.java:46)
at org.testng.internal.TestInvoker$MethodInvocationAgent.invoke(TestInvoker.java:824)
at org.testng.internal.TestInvoker.invokeTestMethods(TestInvoker.java:146)
at org.testng.internal.TestMethodWorker.invokeTestMethods(TestMethodWorker.java:146)
at org.testng.internal.TestMethodWorker.run(TestMethodWorker.java:128)
at java.base/java.util.ArrayList.forEach(ArrayList.java:1597)
at org.testng.TestRunner.privateRun(TestRunner.java:794)
at org.testng.TestRunner.run(TestRunner.java:596)
at org.testng.SuiteRunner.runTest(SuiteRunner.java:377)
at org.testng.SuiteRunner.runSequentially(SuiteRunner.java:371)
at org.testng.SuiteRunner.privateRun(SuiteRunner.java:332)
at org.testng.SuiteRunner.run(SuiteRunner.java:276)
at org.testng.SuiteRunnerWorker.runSuite(SuiteRunnerWorker.java:53)
at org.testng.SuiteRunnerWorker.run(SuiteRunnerWorker.java:96)
at org.testng.TestNG.runSuitesSequentially(TestNG.java:1212)
at org.testng.TestNG.runSuitesLocally(TestNG.java:1134)
at org.testng.TestNG.runSuites(TestNG.java:1063)
at org.testng.TestNG.run(TestNG.java:1031)
at org.testng.remote.AbstractRemoteTestNG.run(AbstractRemoteTestNG.java:115)
at org.testng.remote.RemoteTestNG.initAndRun(RemoteTestNG.java:293)
at org.testng.remote.RemoteTestNG.main(RemoteTestNG.java:91)
]]>
            </full-stacktrace>
          </exception> <!-- org.openqa.selenium.NoSuchElementException -->
          <reporter-output>
          </reporter-output>
        </test-method> <!-- contactAddtionTest -->
        <test-method is-config="true" signature="closeBrowser()[pri:0, instance:test.TC_003_ContactPageTest@6f4a47c7]" started-at="2024-12-20T19:27:06 IST" name="closeBrowser" finished-at="2024-12-20T19:27:06 IST" duration-ms="237" status="PASS">
          <reporter-output>
          </reporter-output>
        </test-method> <!-- closeBrowser -->
        <test-method is-config="true" signature="launchBrowserAndURL(java.lang.String)[pri:0, instance:test.TC_003_ContactPageTest@6f4a47c7]" started-at="2024-12-20T19:27:06 IST" name="launchBrowserAndURL" finished-at="2024-12-20T19:27:14 IST" duration-ms="8298" status="PASS">
          <params>
            <param index="0">
              <value>
                <![CDATA[edge]]>
              </value>
            </param>
          </params>
          <reporter-output>
          </reporter-output>
        </test-method> <!-- launchBrowserAndURL -->
        <test-method signature="contactAddtionTest(java.lang.String,java.lang.String,java.lang.String,java.lang.String,java.lang.String,java.lang.String,java.lang.String,java.lang.String,java.lang.String,java.lang.String,java.lang.String,java.lang.String,java.lang.String)[pri:0, instance:test.TC_003_ContactPageTest@6f4a47c7]" started-at="2024-12-20T19:27:14 IST" name="contactAddtionTest" data-provider="excelRead" finished-at="2024-12-20T19:27:31 IST" duration-ms="16766" status="FAIL">
          <params>
            <param index="0">
              <value>
                <![CDATA[logutest131997@gmail.com]]>
              </value>
            </param>
            <param index="1">
              <value>
                <![CDATA[12345678]]>
              </value>
            </param>
            <param index="2">
              <value>
                <![CDATA[John]]>
              </value>
            </param>
            <param index="3">
              <value>
                <![CDATA[Doe]]>
              </value>
            </param>
            <param index="4">
              <value>
                <![CDATA[03-05-1980]]>
              </value>
            </param>
            <param index="5">
              <value>
                <![CDATA[jdoe@fake.com]]>
              </value>
            </param>
            <param index="6">
              <value>
                <![CDATA[8005555555]]>
              </value>
            </param>
            <param index="7">
              <value>
                <![CDATA[1 Main St.]]>
              </value>
            </param>
            <param index="8">
              <value>
                <![CDATA[Apartment A]]>
              </value>
            </param>
            <param index="9">
              <value>
                <![CDATA[Anytown]]>
              </value>
            </param>
            <param index="10">
              <value>
                <![CDATA[KS]]>
              </value>
            </param>
            <param index="11">
              <value>
                <![CDATA[12345]]>
              </value>
            </param>
            <param index="12">
              <value>
                <![CDATA[USA]]>
              </value>
            </param>
          </params>
          <exception class="org.openqa.selenium.NoSuchElementException">
            <message>
              <![CDATA[no such element: Unable to locate element: {"method":"xpath","selector":"//button[contains(text(),'Add a New Contact')]"}
  (Session info: MicrosoftEdge=131.0.2903.99)
For documentation on this error, please visit: https://www.selenium.dev/documentation/webdriver/troubleshooting/errors#no-such-element-exception
Build info: version: '4.25.0', revision: '8a8aea2337'
System info: os.name: 'Windows 11', os.arch: 'amd64', os.version: '10.0', java.version: '23'
Driver info: org.openqa.selenium.edge.EdgeDriver
Command: [77f75c3123f5d6ab6a9c5dc2a2769c09, findElement {value=//button[contains(text(),'Add a New Contact')], using=xpath}]
Capabilities {acceptInsecureCerts: false, browserName: MicrosoftEdge, browserVersion: 131.0.2903.99, fedcm:accounts: true, ms:edgeOptions: {debuggerAddress: localhost:51065}, msedge: {msedgedriverVersion: 131.0.2903.112 (16ab910a6e7..., userDataDir: C:\Users\Asus\AppData\Local...}, networkConnectionEnabled: false, pageLoadStrategy: normal, platformName: windows, proxy: Proxy(), se:cdp: ws://localhost:51065/devtoo..., se:cdpVersion: 131.0.2903.99, setWindowRect: true, strictFileInteractability: false, timeouts: {implicit: 0, pageLoad: 300000, script: 30000}, unhandledPromptBehavior: dismiss and notify, webauthn:extension:credBlob: true, webauthn:extension:largeBlob: true, webauthn:extension:minPinLength: true, webauthn:extension:prf: true, webauthn:virtualAuthenticators: true}
Session ID: 77f75c3123f5d6ab6a9c5dc2a2769c09]]>
            </message>
            <full-stacktrace>
              <![CDATA[org.openqa.selenium.NoSuchElementException: no such element: Unable to locate element: {"method":"xpath","selector":"//button[contains(text(),'Add a New Contact')]"}
  (Session info: MicrosoftEdge=131.0.2903.99)
For documentation on this error, please visit: https://www.selenium.dev/documentation/webdriver/troubleshooting/errors#no-such-element-exception
Build info: version: '4.25.0', revision: '8a8aea2337'
System info: os.name: 'Windows 11', os.arch: 'amd64', os.version: '10.0', java.version: '23'
Driver info: org.openqa.selenium.edge.EdgeDriver
Command: [77f75c3123f5d6ab6a9c5dc2a2769c09, findElement {value=//button[contains(text(),'Add a New Contact')], using=xpath}]
Capabilities {acceptInsecureCerts: false, browserName: MicrosoftEdge, browserVersion: 131.0.2903.99, fedcm:accounts: true, ms:edgeOptions: {debuggerAddress: localhost:51065}, msedge: {msedgedriverVersion: 131.0.2903.112 (16ab910a6e7..., userDataDir: C:\Users\Asus\AppData\Local...}, networkConnectionEnabled: false, pageLoadStrategy: normal, platformName: windows, proxy: Proxy(), se:cdp: ws://localhost:51065/devtoo..., se:cdpVersion: 131.0.2903.99, setWindowRect: true, strictFileInteractability: false, timeouts: {implicit: 0, pageLoad: 300000, script: 30000}, unhandledPromptBehavior: dismiss and notify, webauthn:extension:credBlob: true, webauthn:extension:largeBlob: true, webauthn:extension:minPinLength: true, webauthn:extension:prf: true, webauthn:virtualAuthenticators: true}
Session ID: 77f75c3123f5d6ab6a9c5dc2a2769c09
at java.base/jdk.internal.reflect.DirectConstructorHandleAccessor.newInstance(DirectConstructorHandleAccessor.java:62)
at java.base/java.lang.reflect.Constructor.newInstanceWithCaller(Constructor.java:501)
at java.base/java.lang.reflect.Constructor.newInstance(Constructor.java:485)
at org.openqa.selenium.remote.ErrorCodec.decode(ErrorCodec.java:167)
at org.openqa.selenium.remote.codec.w3c.W3CHttpResponseCodec.decode(W3CHttpResponseCodec.java:138)
at org.openqa.selenium.remote.codec.w3c.W3CHttpResponseCodec.decode(W3CHttpResponseCodec.java:50)
at org.openqa.selenium.remote.HttpCommandExecutor.execute(HttpCommandExecutor.java:190)
at org.openqa.selenium.remote.service.DriverCommandExecutor.invokeExecute(DriverCommandExecutor.java:216)
at org.openqa.selenium.remote.service.DriverCommandExecutor.execute(DriverCommandExecutor.java:174)
at org.openqa.selenium.remote.RemoteWebDriver.execute(RemoteWebDriver.java:545)
at org.openqa.selenium.remote.ElementLocation$ElementFinder$2.findElement(ElementLocation.java:165)
at org.openqa.selenium.remote.ElementLocation.findElement(ElementLocation.java:59)
at org.openqa.selenium.remote.RemoteWebDriver.findElement(RemoteWebDriver.java:368)
at org.openqa.selenium.remote.RemoteWebDriver.findElement(RemoteWebDriver.java:362)
at pages.ContactPage.contactAddSubmitButton(ContactPage.java:124)
at test.TC_003_ContactPageTest.contactAddtionTest(TC_003_ContactPageTest.java:47)
at java.base/jdk.internal.reflect.DirectMethodHandleAccessor.invoke(DirectMethodHandleAccessor.java:103)
at java.base/java.lang.reflect.Method.invoke(Method.java:580)
at org.testng.internal.MethodInvocationHelper.invokeMethod(MethodInvocationHelper.java:133)
at org.testng.internal.TestInvoker.invokeMethod(TestInvoker.java:598)
at org.testng.internal.TestInvoker.invokeTestMethod(TestInvoker.java:173)
at org.testng.internal.MethodRunner.runInSequence(MethodRunner.java:46)
at org.testng.internal.TestInvoker$MethodInvocationAgent.invoke(TestInvoker.java:824)
at org.testng.internal.TestInvoker.invokeTestMethods(TestInvoker.java:146)
at org.testng.internal.TestMethodWorker.invokeTestMethods(TestMethodWorker.java:146)
at org.testng.internal.TestMethodWorker.run(TestMethodWorker.java:128)
at java.base/java.util.ArrayList.forEach(ArrayList.java:1597)
at org.testng.TestRunner.privateRun(TestRunner.java:794)
at org.testng.TestRunner.run(TestRunner.java:596)
at org.testng.SuiteRunner.runTest(SuiteRunner.java:377)
at org.testng.SuiteRunner.runSequentially(SuiteRunner.java:371)
at org.testng.SuiteRunner.privateRun(SuiteRunner.java:332)
at org.testng.SuiteRunner.run(SuiteRunner.java:276)
at org.testng.SuiteRunnerWorker.runSuite(SuiteRunnerWorker.java:53)
at org.testng.SuiteRunnerWorker.run(SuiteRunnerWorker.java:96)
at org.testng.TestNG.runSuitesSequentially(TestNG.java:1212)
at org.testng.TestNG.runSuitesLocally(TestNG.java:1134)
at org.testng.TestNG.runSuites(TestNG.java:1063)
at org.testng.TestNG.run(TestNG.java:1031)
at org.testng.remote.AbstractRemoteTestNG.run(AbstractRemoteTestNG.java:115)
at org.testng.remote.RemoteTestNG.initAndRun(RemoteTestNG.java:293)
at org.testng.remote.RemoteTestNG.main(RemoteTestNG.java:91)
]]>
            </full-stacktrace>
          </exception> <!-- org.openqa.selenium.NoSuchElementException -->
          <reporter-output>
          </reporter-output>
        </test-method> <!-- contactAddtionTest -->
        <test-method is-config="true" signature="closeBrowser()[pri:0, instance:test.TC_003_ContactPageTest@6f4a47c7]" started-at="2024-12-20T19:27:31 IST" name="closeBrowser" finished-at="2024-12-20T19:27:31 IST" duration-ms="223" status="PASS">
          <reporter-output>
          </reporter-output>
        </test-method> <!-- closeBrowser -->
        <test-method is-config="true" signature="launchBrowserAndURL(java.lang.String)[pri:0, instance:test.TC_003_ContactPageTest@6f4a47c7]" started-at="2024-12-20T19:27:31 IST" name="launchBrowserAndURL" finished-at="2024-12-20T19:27:40 IST" duration-ms="8491" status="PASS">
          <params>
            <param index="0">
              <value>
                <![CDATA[edge]]>
              </value>
            </param>
          </params>
          <reporter-output>
          </reporter-output>
        </test-method> <!-- launchBrowserAndURL -->
        <test-method signature="contactAddtionTest(java.lang.String,java.lang.String,java.lang.String,java.lang.String,java.lang.String,java.lang.String,java.lang.String,java.lang.String,java.lang.String,java.lang.String,java.lang.String,java.lang.String,java.lang.String)[pri:0, instance:test.TC_003_ContactPageTest@6f4a47c7]" started-at="2024-12-20T19:27:40 IST" name="contactAddtionTest" data-provider="excelRead" finished-at="2024-12-20T19:27:54 IST" duration-ms="14031" status="PASS">
          <params>
            <param index="0">
              <value>
                <![CDATA[logutest131997@gmail.com]]>
              </value>
            </param>
            <param index="1">
              <value>
                <![CDATA[12345678]]>
              </value>
            </param>
            <param index="2">
              <value>
                <![CDATA[John]]>
              </value>
            </param>
            <param index="3">
              <value>
                <![CDATA[Doe]]>
              </value>
            </param>
            <param index="4">
              <value>
                <![CDATA[1990-01-01]]>
              </value>
            </param>
            <param index="5">
              <value>
                <![CDATA[jdoe@fake.com]]>
              </value>
            </param>
            <param index="6">
              <value>
                <![CDATA[8005555555]]>
              </value>
            </param>
            <param index="7">
              <value>
                <![CDATA[1 Main St.]]>
              </value>
            </param>
            <param index="8">
              <value>
                <![CDATA[Apartment A]]>
              </value>
            </param>
            <param index="9">
              <value>
                <![CDATA[Anytown]]>
              </value>
            </param>
            <param index="10">
              <value>
                <![CDATA[KS]]>
              </value>
            </param>
            <param index="11">
              <value>
                <![CDATA[12345]]>
              </value>
            </param>
            <param index="12">
              <value>
                <![CDATA[USA]]>
              </value>
            </param>
          </params>
          <reporter-output>
          </reporter-output>
        </test-method> <!-- contactAddtionTest -->
        <test-method is-config="true" signature="closeBrowser()[pri:0, instance:test.TC_003_ContactPageTest@6f4a47c7]" started-at="2024-12-20T19:27:54 IST" name="closeBrowser" finished-at="2024-12-20T19:28:00 IST" duration-ms="6562" status="PASS">
          <reporter-output>
          </reporter-output>
        </test-method> <!-- closeBrowser -->
      </class> <!-- test.TC_003_ContactPageTest -->
    </test> <!-- Edge Test -->
  </suite> <!-- Suite -->
</testng-results>
